[runlim] version:		1.10fixed
[runlim] time limit:		1200 seconds
[runlim] real time limit:	311040000 seconds
[runlim] space limit:		8000 MB
[runlim] argv[0]:		./run_experiment.sh
[runlim] argv[1]:		med-pgd-sim.onnx
[runlim] argv[2]:		252
[runlim] argv[3]:		0.016
[runlim] argv[4]:		lin0
[runlim] start:			Thu Oct 13 02:50:54 2022
[runlim] main pid:		21902
2022-10-13 02:50:55.748965: E tensorflow/stream_executor/cuda/cuda_blas.cc:2981] Unable to register cuBLAS factory: Attempting to register factory for plugin cuBLAS when one has already been registered
WARNING:tensorflow:From /barrett/scratch/haozewu/softmax/bounding-softmax/py37/lib/python3.7/site-packages/tensorflow/python/compat/v2_compat.py:107: disable_resource_variables (from tensorflow.python.ops.variable_scope) is deprecated and will be removed in a future version.
Instructions for updating:
non-resource variables are not supported in the long term
[runlim] sample:		17.4 time, 10.2 real, 550.2 MB
[runlim] end:			Thu Oct 13 02:51:06 2022
[runlim] status:		ok
[runlim] result:		0
[runlim] children:		121
[runlim] real:			12.33 seconds
[runlim] time:			21.63 seconds
[runlim] space:			891.5 MB
[runlim] samples:		121
