[runlim] version:		1.10fixed
[runlim] time limit:		1200 seconds
[runlim] real time limit:	311040000 seconds
[runlim] space limit:		8000 MB
[runlim] argv[0]:		./run_experiment.sh
[runlim] argv[1]:		med-pgd-sim.onnx
[runlim] argv[2]:		324
[runlim] argv[3]:		0.024
[runlim] argv[4]:		er
[runlim] start:			Thu Oct 13 03:56:33 2022
[runlim] main pid:		30017
2022-10-13 03:56:35.038947: E tensorflow/stream_executor/cuda/cuda_blas.cc:2981] Unable to register cuBLAS factory: Attempting to register factory for plugin cuBLAS when one has already been registered
WARNING:tensorflow:From /barrett/scratch/haozewu/softmax/bounding-softmax/py37/lib/python3.7/site-packages/tensorflow/python/compat/v2_compat.py:107: disable_resource_variables (from tensorflow.python.ops.variable_scope) is deprecated and will be removed in a future version.
Instructions for updating:
non-resource variables are not supported in the long term
[runlim] sample:		11.6 time, 10.4 real, 385.6 MB
[runlim] end:			Thu Oct 13 03:56:47 2022
[runlim] status:		ok
[runlim] result:		0
[runlim] children:		173
[runlim] real:			14.43 seconds
[runlim] time:			18.78 seconds
[runlim] space:			949.7 MB
[runlim] samples:		140
