[runlim] version:		1.10fixed
[runlim] time limit:		1200 seconds
[runlim] real time limit:	311040000 seconds
[runlim] space limit:		8000 MB
[runlim] argv[0]:		./run_experiment.sh
[runlim] argv[1]:		big-pgd-sim.onnx
[runlim] argv[2]:		479
[runlim] argv[3]:		0.024
[runlim] argv[4]:		lse0.8
[runlim] start:			Thu Oct 13 04:07:47 2022
[runlim] main pid:		22165
2022-10-13 04:07:48.796383: E tensorflow/stream_executor/cuda/cuda_blas.cc:2981] Unable to register cuBLAS factory: Attempting to register factory for plugin cuBLAS when one has already been registered
WARNING:tensorflow:From /barrett/scratch/haozewu/softmax/bounding-softmax/py37/lib/python3.7/site-packages/tensorflow/python/compat/v2_compat.py:107: disable_resource_variables (from tensorflow.python.ops.variable_scope) is deprecated and will be removed in a future version.
Instructions for updating:
non-resource variables are not supported in the long term
[runlim] sample:		13.4 time, 10.8 real, 448.5 MB
[runlim] sample:		31.2 time, 20.8 real, 2449.8 MB
[runlim] end:			Thu Oct 13 04:08:08 2022
[runlim] status:		ok
[runlim] result:		0
[runlim] children:		292
[runlim] real:			21.85 seconds
[runlim] time:			31.58 seconds
[runlim] space:			2450.4 MB
[runlim] samples:		210
