[runlim] version:		1.10fixed
[runlim] time limit:		1200 seconds
[runlim] real time limit:	311040000 seconds
[runlim] space limit:		8000 MB
[runlim] argv[0]:		./run_experiment.sh
[runlim] argv[1]:		med-pgd-sim.onnx
[runlim] argv[2]:		14
[runlim] argv[3]:		0.016
[runlim] argv[4]:		lse2
[runlim] start:			Thu Oct 13 02:47:05 2022
[runlim] main pid:		13168
2022-10-13 02:47:06.804968: E tensorflow/stream_executor/cuda/cuda_blas.cc:2981] Unable to register cuBLAS factory: Attempting to register factory for plugin cuBLAS when one has already been registered
WARNING:tensorflow:From /barrett/scratch/haozewu/softmax/bounding-softmax/py37/lib/python3.7/site-packages/tensorflow/python/compat/v2_compat.py:107: disable_resource_variables (from tensorflow.python.ops.variable_scope) is deprecated and will be removed in a future version.
Instructions for updating:
non-resource variables are not supported in the long term
[runlim] sample:		9.4 time, 10.6 real, 443.3 MB
[runlim] end:			Thu Oct 13 02:47:19 2022
[runlim] status:		ok
[runlim] result:		0
[runlim] children:		165
[runlim] real:			14.49 seconds
[runlim] time:			19.12 seconds
[runlim] space:			933.8 MB
[runlim] samples:		139
