[runlim] version:		1.10fixed
[runlim] time limit:		1200 seconds
[runlim] real time limit:	311040000 seconds
[runlim] space limit:		8000 MB
[runlim] argv[0]:		./run_experiment.sh
[runlim] argv[1]:		big-pgd-sim.onnx
[runlim] argv[2]:		23
[runlim] argv[3]:		0.016
[runlim] argv[4]:		linear
[runlim] start:			Thu Oct 13 03:59:02 2022
[runlim] main pid:		17762
2022-10-13 03:59:04.029391: E tensorflow/stream_executor/cuda/cuda_blas.cc:2981] Unable to register cuBLAS factory: Attempting to register factory for plugin cuBLAS when one has already been registered
WARNING:tensorflow:From /barrett/scratch/haozewu/softmax/bounding-softmax/py37/lib/python3.7/site-packages/tensorflow/python/compat/v2_compat.py:107: disable_resource_variables (from tensorflow.python.ops.variable_scope) is deprecated and will be removed in a future version.
Instructions for updating:
non-resource variables are not supported in the long term
[runlim] sample:		12.0 time, 10.9 real, 433.1 MB
[runlim] sample:		30.3 time, 20.9 real, 1650.3 MB
[runlim] end:			Thu Oct 13 03:59:26 2022
[runlim] status:		ok
[runlim] result:		0
[runlim] children:		331
[runlim] real:			24.29 seconds
[runlim] time:			31.85 seconds
[runlim] space:			2443.2 MB
[runlim] samples:		233
