[runlim] version:		1.10fixed
[runlim] time limit:		1200 seconds
[runlim] real time limit:	311040000 seconds
[runlim] space limit:		8000 MB
[runlim] argv[0]:		./run_experiment.sh
[runlim] argv[1]:		big-pgd-sim.onnx
[runlim] argv[2]:		294
[runlim] argv[3]:		0.02
[runlim] argv[4]:		linear
[runlim] start:			Thu Oct 13 04:04:13 2022
[runlim] main pid:		32024
2022-10-13 04:04:15.225967: E tensorflow/stream_executor/cuda/cuda_blas.cc:2981] Unable to register cuBLAS factory: Attempting to register factory for plugin cuBLAS when one has already been registered
WARNING:tensorflow:From /barrett/scratch/haozewu/softmax/bounding-softmax/py37/lib/python3.7/site-packages/tensorflow/python/compat/v2_compat.py:107: disable_resource_variables (from tensorflow.python.ops.variable_scope) is deprecated and will be removed in a future version.
Instructions for updating:
non-resource variables are not supported in the long term
[runlim] sample:		12.8 time, 10.9 real, 444.7 MB
[runlim] sample:		0.0 time, 20.9 real, 3.0 MB
[runlim] end:			Thu Oct 13 04:04:34 2022
[runlim] status:		ok
[runlim] result:		0
[runlim] children:		124
[runlim] real:			21.88 seconds
[runlim] time:			15.18 seconds
[runlim] space:			496.8 MB
[runlim] samples:		209
