[runlim] version:		1.10fixed
[runlim] time limit:		1200 seconds
[runlim] real time limit:	311040000 seconds
[runlim] space limit:		8000 MB
[runlim] argv[0]:		./run_experiment.sh
[runlim] argv[1]:		big-pgd-sim.onnx
[runlim] argv[2]:		94
[runlim] argv[3]:		0.024
[runlim] argv[4]:		er
[runlim] start:			Thu Oct 13 02:54:00 2022
[runlim] main pid:		22992
2022-10-13 02:54:01.230485: E tensorflow/stream_executor/cuda/cuda_blas.cc:2981] Unable to register cuBLAS factory: Attempting to register factory for plugin cuBLAS when one has already been registered
WARNING:tensorflow:From /barrett/scratch/haozewu/softmax/bounding-softmax/py37/lib/python3.7/site-packages/tensorflow/python/compat/v2_compat.py:107: disable_resource_variables (from tensorflow.python.ops.variable_scope) is deprecated and will be removed in a future version.
Instructions for updating:
non-resource variables are not supported in the long term
[runlim] sample:		13.9 time, 10.2 real, 431.0 MB
[runlim] sample:		30.0 time, 20.2 real, 1442.1 MB
[runlim] end:			Thu Oct 13 02:54:22 2022
[runlim] status:		ok
[runlim] result:		0
[runlim] children:		312
[runlim] real:			22.61 seconds
[runlim] time:			31.90 seconds
[runlim] space:			2453.8 MB
[runlim] samples:		224
