[runlim] version:		1.10fixed
[runlim] time limit:		1200 seconds
[runlim] real time limit:	311040000 seconds
[runlim] space limit:		8000 MB
[runlim] argv[0]:		./run_experiment.sh
[runlim] argv[1]:		big-pgd-sim.onnx
[runlim] argv[2]:		240
[runlim] argv[3]:		0.032
[runlim] argv[4]:		lse2
[runlim] start:			Thu Oct 13 02:57:43 2022
[runlim] main pid:		2330
2022-10-13 02:57:45.107426: E tensorflow/stream_executor/cuda/cuda_blas.cc:2981] Unable to register cuBLAS factory: Attempting to register factory for plugin cuBLAS when one has already been registered
WARNING:tensorflow:From /barrett/scratch/haozewu/softmax/bounding-softmax/py37/lib/python3.7/site-packages/tensorflow/python/compat/v2_compat.py:107: disable_resource_variables (from tensorflow.python.ops.variable_scope) is deprecated and will be removed in a future version.
Instructions for updating:
non-resource variables are not supported in the long term
[runlim] sample:		14.1 time, 10.9 real, 442.4 MB
[runlim] sample:		29.7 time, 20.9 real, 1885.3 MB
[runlim] end:			Thu Oct 13 02:58:05 2022
[runlim] status:		ok
[runlim] result:		0
[runlim] children:		308
[runlim] real:			22.60 seconds
[runlim] time:			30.74 seconds
[runlim] space:			2455.7 MB
[runlim] samples:		217
