[runlim] version:		1.10fixed
[runlim] time limit:		1200 seconds
[runlim] real time limit:	311040000 seconds
[runlim] space limit:		8000 MB
[runlim] argv[0]:		./run_experiment.sh
[runlim] argv[1]:		big-pgd-sim.onnx
[runlim] argv[2]:		44
[runlim] argv[3]:		0.016
[runlim] argv[4]:		er
[runlim] start:			Thu Oct 13 03:59:26 2022
[runlim] main pid:		858
2022-10-13 03:59:27.855448: E tensorflow/stream_executor/cuda/cuda_blas.cc:2981] Unable to register cuBLAS factory: Attempting to register factory for plugin cuBLAS when one has already been registered
WARNING:tensorflow:From /barrett/scratch/haozewu/softmax/bounding-softmax/py37/lib/python3.7/site-packages/tensorflow/python/compat/v2_compat.py:107: disable_resource_variables (from tensorflow.python.ops.variable_scope) is deprecated and will be removed in a future version.
Instructions for updating:
non-resource variables are not supported in the long term
[runlim] sample:		11.4 time, 10.5 real, 432.0 MB
[runlim] sample:		13.7 time, 20.5 real, 383.3 MB
[runlim] end:			Thu Oct 13 03:59:47 2022
[runlim] status:		ok
[runlim] result:		0
[runlim] children:		287
[runlim] real:			21.31 seconds
[runlim] time:			28.53 seconds
[runlim] space:			2440.3 MB
[runlim] samples:		208
