[runlim] version:		1.10fixed
[runlim] time limit:		1200 seconds
[runlim] real time limit:	311040000 seconds
[runlim] space limit:		8000 MB
[runlim] argv[0]:		./run_experiment.sh
[runlim] argv[1]:		big-pgd-sim.onnx
[runlim] argv[2]:		336
[runlim] argv[3]:		0.024
[runlim] argv[4]:		lse1
[runlim] start:			Thu Oct 13 04:04:59 2022
[runlim] main pid:		24648
2022-10-13 04:05:00.828870: E tensorflow/stream_executor/cuda/cuda_blas.cc:2981] Unable to register cuBLAS factory: Attempting to register factory for plugin cuBLAS when one has already been registered
WARNING:tensorflow:From /barrett/scratch/haozewu/softmax/bounding-softmax/py37/lib/python3.7/site-packages/tensorflow/python/compat/v2_compat.py:107: disable_resource_variables (from tensorflow.python.ops.variable_scope) is deprecated and will be removed in a future version.
Instructions for updating:
non-resource variables are not supported in the long term
[runlim] sample:		13.3 time, 10.7 real, 429.2 MB
[runlim] sample:		29.6 time, 20.7 real, 1430.6 MB
[runlim] end:			Thu Oct 13 04:05:22 2022
[runlim] status:		ok
[runlim] result:		0
[runlim] children:		318
[runlim] real:			23.50 seconds
[runlim] time:			31.34 seconds
[runlim] space:			2439.0 MB
[runlim] samples:		227
