[runlim] version:		1.10fixed
[runlim] time limit:		1200 seconds
[runlim] real time limit:	311040000 seconds
[runlim] space limit:		8000 MB
[runlim] argv[0]:		./run_experiment.sh
[runlim] argv[1]:		big-pgd-sim.onnx
[runlim] argv[2]:		270
[runlim] argv[3]:		0.016
[runlim] argv[4]:		lse0.6
[runlim] start:			Thu Oct 13 04:03:48 2022
[runlim] main pid:		10560
2022-10-13 04:03:49.678145: E tensorflow/stream_executor/cuda/cuda_blas.cc:2981] Unable to register cuBLAS factory: Attempting to register factory for plugin cuBLAS when one has already been registered
WARNING:tensorflow:From /barrett/scratch/haozewu/softmax/bounding-softmax/py37/lib/python3.7/site-packages/tensorflow/python/compat/v2_compat.py:107: disable_resource_variables (from tensorflow.python.ops.variable_scope) is deprecated and will be removed in a future version.
Instructions for updating:
non-resource variables are not supported in the long term
[runlim] sample:		12.0 time, 10.4 real, 428.9 MB
[runlim] sample:		29.6 time, 20.4 real, 1706.0 MB
[runlim] end:			Thu Oct 13 04:04:11 2022
[runlim] status:		ok
[runlim] result:		0
[runlim] children:		319
[runlim] real:			23.21 seconds
[runlim] time:			31.16 seconds
[runlim] space:			2433.1 MB
[runlim] samples:		228
