[runlim] version:		1.10fixed
[runlim] time limit:		1200 seconds
[runlim] real time limit:	311040000 seconds
[runlim] space limit:		8000 MB
[runlim] argv[0]:		./run_experiment.sh
[runlim] argv[1]:		big-pgd-sim.onnx
[runlim] argv[2]:		338
[runlim] argv[3]:		0.016
[runlim] argv[4]:		lse0.8
[runlim] start:			Thu Oct 13 04:05:01 2022
[runlim] main pid:		24844
2022-10-13 04:05:02.404425: E tensorflow/stream_executor/cuda/cuda_blas.cc:2981] Unable to register cuBLAS factory: Attempting to register factory for plugin cuBLAS when one has already been registered
WARNING:tensorflow:From /barrett/scratch/haozewu/softmax/bounding-softmax/py37/lib/python3.7/site-packages/tensorflow/python/compat/v2_compat.py:107: disable_resource_variables (from tensorflow.python.ops.variable_scope) is deprecated and will be removed in a future version.
Instructions for updating:
non-resource variables are not supported in the long term
[runlim] sample:		12.8 time, 10.4 real, 431.1 MB
[runlim] sample:		30.7 time, 20.4 real, 1436.3 MB
[runlim] end:			Thu Oct 13 04:05:24 2022
[runlim] status:		ok
[runlim] result:		0
[runlim] children:		320
[runlim] real:			23.12 seconds
[runlim] time:			32.57 seconds
[runlim] space:			2440.0 MB
[runlim] samples:		227
