[runlim] version:		1.10fixed
[runlim] time limit:		1200 seconds
[runlim] real time limit:	311040000 seconds
[runlim] space limit:		8000 MB
[runlim] argv[0]:		./run_experiment.sh
[runlim] argv[1]:		small-pgd-sim.onnx
[runlim] argv[2]:		1
[runlim] argv[3]:		0.016
[runlim] argv[4]:		er
[runlim] start:			Thu Oct 13 02:44:10 2022
[runlim] main pid:		6123
2022-10-13 02:44:16.865907: E tensorflow/stream_executor/cuda/cuda_blas.cc:2981] Unable to register cuBLAS factory: Attempting to register factory for plugin cuBLAS when one has already been registered
[runlim] sample:		2.7 time, 10.5 real, 231.5 MB
[runlim] sample:		5.3 time, 20.5 real, 332.7 MB
WARNING:tensorflow:From /barrett/scratch/haozewu/softmax/bounding-softmax/py37/lib/python3.7/site-packages/tensorflow/python/compat/v2_compat.py:107: disable_resource_variables (from tensorflow.python.ops.variable_scope) is deprecated and will be removed in a future version.
Instructions for updating:
non-resource variables are not supported in the long term
[runlim] end:			Thu Oct 13 02:44:32 2022
[runlim] status:		ok
[runlim] result:		0
[runlim] children:		221
[runlim] real:			22.40 seconds
[runlim] time:			6.97 seconds
[runlim] space:			412.1 MB
[runlim] samples:		219
