[runlim] version:		1.10fixed
[runlim] time limit:		1200 seconds
[runlim] real time limit:	311040000 seconds
[runlim] space limit:		8000 MB
[runlim] argv[0]:		./run_experiment.sh
[runlim] argv[1]:		small-pgd-sim.onnx
[runlim] argv[2]:		5
[runlim] argv[3]:		0.024
[runlim] argv[4]:		er
[runlim] start:			Thu Oct 13 02:44:13 2022
[runlim] main pid:		2746
2022-10-13 02:44:23.723357: E tensorflow/stream_executor/cuda/cuda_blas.cc:2981] Unable to register cuBLAS factory: Attempting to register factory for plugin cuBLAS when one has already been registered
[runlim] sample:		2.5 time, 10.8 real, 192.2 MB
WARNING:tensorflow:From /barrett/scratch/haozewu/softmax/bounding-softmax/py37/lib/python3.7/site-packages/tensorflow/python/compat/v2_compat.py:107: disable_resource_variables (from tensorflow.python.ops.variable_scope) is deprecated and will be removed in a future version.
Instructions for updating:
non-resource variables are not supported in the long term
[runlim] sample:		7.3 time, 20.8 real, 366.0 MB
[runlim] end:			Thu Oct 13 02:44:34 2022
[runlim] status:		ok
[runlim] result:		0
[runlim] children:		213
[runlim] real:			21.70 seconds
[runlim] time:			7.67 seconds
[runlim] space:			409.2 MB
[runlim] samples:		208
