[runlim] version:		1.10fixed
[runlim] time limit:		1200 seconds
[runlim] real time limit:	311040000 seconds
[runlim] space limit:		8000 MB
[runlim] argv[0]:		./run_experiment.sh
[runlim] argv[1]:		big-pgd-sim.onnx
[runlim] argv[2]:		435
[runlim] argv[3]:		0.02
[runlim] argv[4]:		lse0.6
[runlim] start:			Thu Oct 13 04:06:52 2022
[runlim] main pid:		24538
2022-10-13 04:06:53.854825: E tensorflow/stream_executor/cuda/cuda_blas.cc:2981] Unable to register cuBLAS factory: Attempting to register factory for plugin cuBLAS when one has already been registered
WARNING:tensorflow:From /barrett/scratch/haozewu/softmax/bounding-softmax/py37/lib/python3.7/site-packages/tensorflow/python/compat/v2_compat.py:107: disable_resource_variables (from tensorflow.python.ops.variable_scope) is deprecated and will be removed in a future version.
Instructions for updating:
non-resource variables are not supported in the long term
[runlim] sample:		13.5 time, 10.8 real, 429.6 MB
[runlim] sample:		30.4 time, 20.8 real, 1439.0 MB
[runlim] end:			Thu Oct 13 04:07:15 2022
[runlim] status:		ok
[runlim] result:		0
[runlim] children:		315
[runlim] real:			23.56 seconds
[runlim] time:			32.30 seconds
[runlim] space:			2447.5 MB
[runlim] samples:		227
