[runlim] version:		1.10fixed
[runlim] time limit:		1200 seconds
[runlim] real time limit:	311040000 seconds
[runlim] space limit:		8000 MB
[runlim] argv[0]:		./run_experiment.sh
[runlim] argv[1]:		big-pgd-sim.onnx
[runlim] argv[2]:		112
[runlim] argv[3]:		0.032
[runlim] argv[4]:		lse1
[runlim] start:			Thu Oct 13 02:54:25 2022
[runlim] main pid:		5989
2022-10-13 02:54:26.954890: E tensorflow/stream_executor/cuda/cuda_blas.cc:2981] Unable to register cuBLAS factory: Attempting to register factory for plugin cuBLAS when one has already been registered
WARNING:tensorflow:From /barrett/scratch/haozewu/softmax/bounding-softmax/py37/lib/python3.7/site-packages/tensorflow/python/compat/v2_compat.py:107: disable_resource_variables (from tensorflow.python.ops.variable_scope) is deprecated and will be removed in a future version.
Instructions for updating:
non-resource variables are not supported in the long term
[runlim] sample:		13.4 time, 11.0 real, 415.7 MB
[runlim] sample:		29.0 time, 21.0 real, 1592.1 MB
[runlim] end:			Thu Oct 13 02:54:46 2022
[runlim] status:		ok
[runlim] result:		0
[runlim] children:		294
[runlim] real:			21.83 seconds
[runlim] time:			29.08 seconds
[runlim] space:			2453.9 MB
[runlim] samples:		208
