[runlim] version:		1.10fixed
[runlim] time limit:		1200 seconds
[runlim] real time limit:	311040000 seconds
[runlim] space limit:		8000 MB
[runlim] argv[0]:		./run_experiment.sh
[runlim] argv[1]:		big-pgd-sim.onnx
[runlim] argv[2]:		55
[runlim] argv[3]:		0.02
[runlim] argv[4]:		lse0.6
[runlim] start:			Thu Oct 13 03:59:34 2022
[runlim] main pid:		18072
2022-10-13 03:59:36.040061: E tensorflow/stream_executor/cuda/cuda_blas.cc:2981] Unable to register cuBLAS factory: Attempting to register factory for plugin cuBLAS when one has already been registered
WARNING:tensorflow:From /barrett/scratch/haozewu/softmax/bounding-softmax/py37/lib/python3.7/site-packages/tensorflow/python/compat/v2_compat.py:107: disable_resource_variables (from tensorflow.python.ops.variable_scope) is deprecated and will be removed in a future version.
Instructions for updating:
non-resource variables are not supported in the long term
[runlim] sample:		11.0 time, 10.9 real, 410.6 MB
[runlim] sample:		29.0 time, 20.9 real, 1428.3 MB
[runlim] end:			Thu Oct 13 03:59:57 2022
[runlim] status:		ok
[runlim] result:		0
[runlim] children:		304
[runlim] real:			23.96 seconds
[runlim] time:			31.14 seconds
[runlim] space:			2443.1 MB
[runlim] samples:		230
