[runlim] version:		1.10fixed
[runlim] time limit:		1200 seconds
[runlim] real time limit:	311040000 seconds
[runlim] space limit:		8000 MB
[runlim] argv[0]:		./run_experiment.sh
[runlim] argv[1]:		big-pgd-sim.onnx
[runlim] argv[2]:		11
[runlim] argv[3]:		0.016
[runlim] argv[4]:		lin0
[runlim] start:			Thu Oct 13 02:51:49 2022
[runlim] main pid:		21150
2022-10-13 02:51:51.001096: E tensorflow/stream_executor/cuda/cuda_blas.cc:2981] Unable to register cuBLAS factory: Attempting to register factory for plugin cuBLAS when one has already been registered
WARNING:tensorflow:From /barrett/scratch/haozewu/softmax/bounding-softmax/py37/lib/python3.7/site-packages/tensorflow/python/compat/v2_compat.py:107: disable_resource_variables (from tensorflow.python.ops.variable_scope) is deprecated and will be removed in a future version.
Instructions for updating:
non-resource variables are not supported in the long term
[runlim] sample:		12.6 time, 10.8 real, 442.8 MB
[runlim] end:			Thu Oct 13 02:52:08 2022
[runlim] status:		ok
[runlim] result:		0
[runlim] children:		191
[runlim] real:			19.94 seconds
[runlim] time:			35.96 seconds
[runlim] space:			2472.3 MB
[runlim] samples:		191
