[runlim] version:		1.10fixed
[runlim] time limit:		1200 seconds
[runlim] real time limit:	311040000 seconds
[runlim] space limit:		8000 MB
[runlim] argv[0]:		./run_experiment.sh
[runlim] argv[1]:		big-pgd-sim.onnx
[runlim] argv[2]:		122
[runlim] argv[3]:		0.024
[runlim] argv[4]:		linear
[runlim] start:			Thu Oct 13 04:00:55 2022
[runlim] main pid:		10008
2022-10-13 04:00:56.651437: E tensorflow/stream_executor/cuda/cuda_blas.cc:2981] Unable to register cuBLAS factory: Attempting to register factory for plugin cuBLAS when one has already been registered
WARNING:tensorflow:From /barrett/scratch/haozewu/softmax/bounding-softmax/py37/lib/python3.7/site-packages/tensorflow/python/compat/v2_compat.py:107: disable_resource_variables (from tensorflow.python.ops.variable_scope) is deprecated and will be removed in a future version.
Instructions for updating:
non-resource variables are not supported in the long term
[runlim] sample:		13.5 time, 10.7 real, 415.2 MB
[runlim] sample:		14.5 time, 20.7 real, 378.7 MB
[runlim] end:			Thu Oct 13 04:01:16 2022
[runlim] status:		ok
[runlim] result:		0
[runlim] children:		295
[runlim] real:			21.33 seconds
[runlim] time:			30.17 seconds
[runlim] space:			2455.0 MB
[runlim] samples:		206
