[runlim] version:		1.10fixed
[runlim] time limit:		1200 seconds
[runlim] real time limit:	311040000 seconds
[runlim] space limit:		8000 MB
[runlim] argv[0]:		./run_experiment.sh
[runlim] argv[1]:		big-pgd-sim.onnx
[runlim] argv[2]:		90
[runlim] argv[3]:		0.02
[runlim] argv[4]:		lse1
[runlim] start:			Thu Oct 13 02:53:55 2022
[runlim] main pid:		5749
2022-10-13 02:53:56.605315: E tensorflow/stream_executor/cuda/cuda_blas.cc:2981] Unable to register cuBLAS factory: Attempting to register factory for plugin cuBLAS when one has already been registered
WARNING:tensorflow:From /barrett/scratch/haozewu/softmax/bounding-softmax/py37/lib/python3.7/site-packages/tensorflow/python/compat/v2_compat.py:107: disable_resource_variables (from tensorflow.python.ops.variable_scope) is deprecated and will be removed in a future version.
Instructions for updating:
non-resource variables are not supported in the long term
[runlim] sample:		12.7 time, 10.6 real, 434.5 MB
[runlim] sample:		28.5 time, 20.6 real, 1443.2 MB
[runlim] end:			Thu Oct 13 02:54:18 2022
[runlim] status:		ok
[runlim] result:		0
[runlim] children:		311
[runlim] real:			23.06 seconds
[runlim] time:			30.22 seconds
[runlim] space:			2449.4 MB
[runlim] samples:		224
