[runlim] version:		1.10fixed
[runlim] time limit:		1200 seconds
[runlim] real time limit:	311040000 seconds
[runlim] space limit:		8000 MB
[runlim] argv[0]:		./run_experiment.sh
[runlim] argv[1]:		med-pgd-sim.onnx
[runlim] argv[2]:		106
[runlim] argv[3]:		0.02
[runlim] argv[4]:		lin0
[runlim] start:			Thu Oct 13 02:48:34 2022
[runlim] main pid:		20539
2022-10-13 02:48:35.768443: E tensorflow/stream_executor/cuda/cuda_blas.cc:2981] Unable to register cuBLAS factory: Attempting to register factory for plugin cuBLAS when one has already been registered
WARNING:tensorflow:From /barrett/scratch/haozewu/softmax/bounding-softmax/py37/lib/python3.7/site-packages/tensorflow/python/compat/v2_compat.py:107: disable_resource_variables (from tensorflow.python.ops.variable_scope) is deprecated and will be removed in a future version.
Instructions for updating:
non-resource variables are not supported in the long term
[runlim] sample:		22.9 time, 10.7 real, 669.7 MB
[runlim] end:			Thu Oct 13 02:48:45 2022
[runlim] status:		ok
[runlim] result:		0
[runlim] children:		111
[runlim] real:			11.84 seconds
[runlim] time:			23.94 seconds
[runlim] space:			987.2 MB
[runlim] samples:		111
