[runlim] version:		1.10fixed
[runlim] time limit:		1200 seconds
[runlim] real time limit:	311040000 seconds
[runlim] space limit:		8000 MB
[runlim] argv[0]:		./run_experiment.sh
[runlim] argv[1]:		small-pgd-sim.onnx
[runlim] argv[2]:		0
[runlim] argv[3]:		0.02
[runlim] argv[4]:		lse0.6
[runlim] start:			Thu Oct 13 02:44:12 2022
[runlim] main pid:		29559
2022-10-13 02:44:17.585445: E tensorflow/stream_executor/cuda/cuda_blas.cc:2981] Unable to register cuBLAS factory: Attempting to register factory for plugin cuBLAS when one has already been registered
[runlim] sample:		5.4 time, 10.2 real, 243.4 MB
WARNING:tensorflow:From /barrett/scratch/haozewu/softmax/bounding-softmax/py37/lib/python3.7/site-packages/tensorflow/python/compat/v2_compat.py:107: disable_resource_variables (from tensorflow.python.ops.variable_scope) is deprecated and will be removed in a future version.
Instructions for updating:
non-resource variables are not supported in the long term
[runlim] sample:		9.1 time, 20.2 real, 354.7 MB
[runlim] end:			Thu Oct 13 02:44:32 2022
[runlim] status:		ok
[runlim] result:		0
[runlim] children:		212
[runlim] real:			20.90 seconds
[runlim] time:			9.92 seconds
[runlim] space:			415.3 MB
[runlim] samples:		207
