[runlim] version:		1.10fixed
[runlim] time limit:		1200 seconds
[runlim] real time limit:	311040000 seconds
[runlim] space limit:		8000 MB
[runlim] argv[0]:		./run_experiment.sh
[runlim] argv[1]:		big-pgd-sim.onnx
[runlim] argv[2]:		366
[runlim] argv[3]:		0.02
[runlim] argv[4]:		er
[runlim] start:			Thu Oct 13 04:05:38 2022
[runlim] main pid:		11971
2022-10-13 04:05:40.131827: E tensorflow/stream_executor/cuda/cuda_blas.cc:2981] Unable to register cuBLAS factory: Attempting to register factory for plugin cuBLAS when one has already been registered
WARNING:tensorflow:From /barrett/scratch/haozewu/softmax/bounding-softmax/py37/lib/python3.7/site-packages/tensorflow/python/compat/v2_compat.py:107: disable_resource_variables (from tensorflow.python.ops.variable_scope) is deprecated and will be removed in a future version.
Instructions for updating:
non-resource variables are not supported in the long term
[runlim] sample:		11.8 time, 11.0 real, 413.8 MB
[runlim] sample:		30.4 time, 21.0 real, 1447.6 MB
[runlim] end:			Thu Oct 13 04:06:01 2022
[runlim] status:		ok
[runlim] result:		0
[runlim] children:		301
[runlim] real:			23.41 seconds
[runlim] time:			32.12 seconds
[runlim] space:			2444.8 MB
[runlim] samples:		224
