[runlim] version:		1.10fixed
[runlim] time limit:		1200 seconds
[runlim] real time limit:	311040000 seconds
[runlim] space limit:		8000 MB
[runlim] argv[0]:		./run_experiment.sh
[runlim] argv[1]:		med-pgd-sim.onnx
[runlim] argv[2]:		14
[runlim] argv[3]:		0.032
[runlim] argv[4]:		linear
[runlim] start:			Thu Oct 13 02:47:01 2022
[runlim] main pid:		24216
2022-10-13 02:47:03.071842: E tensorflow/stream_executor/cuda/cuda_blas.cc:2981] Unable to register cuBLAS factory: Attempting to register factory for plugin cuBLAS when one has already been registered
WARNING:tensorflow:From /barrett/scratch/haozewu/softmax/bounding-softmax/py37/lib/python3.7/site-packages/tensorflow/python/compat/v2_compat.py:107: disable_resource_variables (from tensorflow.python.ops.variable_scope) is deprecated and will be removed in a future version.
Instructions for updating:
non-resource variables are not supported in the long term
[runlim] sample:		14.1 time, 11.0 real, 452.1 MB
[runlim] end:			Thu Oct 13 02:47:14 2022
[runlim] status:		ok
[runlim] result:		0
[runlim] children:		161
[runlim] real:			13.47 seconds
[runlim] time:			19.38 seconds
[runlim] space:			948.3 MB
[runlim] samples:		125
