[runlim] version:		1.10fixed
[runlim] time limit:		1200 seconds
[runlim] real time limit:	311040000 seconds
[runlim] space limit:		8000 MB
[runlim] argv[0]:		./run_experiment.sh
[runlim] argv[1]:		big-pgd-sim.onnx
[runlim] argv[2]:		319
[runlim] argv[3]:		0.02
[runlim] argv[4]:		lse1
[runlim] start:			Thu Oct 13 04:04:39 2022
[runlim] main pid:		14901
2022-10-13 04:04:41.197951: E tensorflow/stream_executor/cuda/cuda_blas.cc:2981] Unable to register cuBLAS factory: Attempting to register factory for plugin cuBLAS when one has already been registered
WARNING:tensorflow:From /barrett/scratch/haozewu/softmax/bounding-softmax/py37/lib/python3.7/site-packages/tensorflow/python/compat/v2_compat.py:107: disable_resource_variables (from tensorflow.python.ops.variable_scope) is deprecated and will be removed in a future version.
Instructions for updating:
non-resource variables are not supported in the long term
[runlim] sample:		12.6 time, 11.0 real, 485.2 MB
[runlim] sample:		28.7 time, 21.0 real, 1514.7 MB
[runlim] end:			Thu Oct 13 04:05:02 2022
[runlim] status:		ok
[runlim] result:		0
[runlim] children:		313
[runlim] real:			23.28 seconds
[runlim] time:			30.08 seconds
[runlim] space:			2447.1 MB
[runlim] samples:		223
