[runlim] version:		1.10fixed
[runlim] time limit:		1200 seconds
[runlim] real time limit:	311040000 seconds
[runlim] space limit:		8000 MB
[runlim] argv[0]:		./run_experiment.sh
[runlim] argv[1]:		big-pgd-sim.onnx
[runlim] argv[2]:		263
[runlim] argv[3]:		0.02
[runlim] argv[4]:		lse1
[runlim] start:			Thu Oct 13 02:58:21 2022
[runlim] main pid:		3956
2022-10-13 02:58:22.302211: E tensorflow/stream_executor/cuda/cuda_blas.cc:2981] Unable to register cuBLAS factory: Attempting to register factory for plugin cuBLAS when one has already been registered
WARNING:tensorflow:From /barrett/scratch/haozewu/softmax/bounding-softmax/py37/lib/python3.7/site-packages/tensorflow/python/compat/v2_compat.py:107: disable_resource_variables (from tensorflow.python.ops.variable_scope) is deprecated and will be removed in a future version.
Instructions for updating:
non-resource variables are not supported in the long term
[runlim] sample:		14.1 time, 10.3 real, 417.6 MB
[runlim] sample:		15.7 time, 20.3 real, 400.4 MB
[runlim] end:			Thu Oct 13 02:58:41 2022
[runlim] status:		ok
[runlim] result:		0
[runlim] children:		289
[runlim] real:			20.89 seconds
[runlim] time:			29.55 seconds
[runlim] space:			2450.7 MB
[runlim] samples:		206
