[runlim] version:		1.10fixed
[runlim] time limit:		1200 seconds
[runlim] real time limit:	311040000 seconds
[runlim] space limit:		8000 MB
[runlim] argv[0]:		./run_experiment.sh
[runlim] argv[1]:		small-pgd-sim.onnx
[runlim] argv[2]:		5
[runlim] argv[3]:		0.02
[runlim] argv[4]:		lse1
[runlim] start:			Thu Oct 13 02:44:13 2022
[runlim] main pid:		9849
2022-10-13 02:44:23.354137: E tensorflow/stream_executor/cuda/cuda_blas.cc:2981] Unable to register cuBLAS factory: Attempting to register factory for plugin cuBLAS when one has already been registered
[runlim] sample:		2.5 time, 10.9 real, 193.2 MB
WARNING:tensorflow:From /barrett/scratch/haozewu/softmax/bounding-softmax/py37/lib/python3.7/site-packages/tensorflow/python/compat/v2_compat.py:107: disable_resource_variables (from tensorflow.python.ops.variable_scope) is deprecated and will be removed in a future version.
Instructions for updating:
non-resource variables are not supported in the long term
[runlim] sample:		6.5 time, 20.9 real, 354.7 MB
[runlim] end:			Thu Oct 13 02:44:34 2022
[runlim] status:		ok
[runlim] result:		0
[runlim] children:		211
[runlim] real:			21.48 seconds
[runlim] time:			7.01 seconds
[runlim] space:			411.4 MB
[runlim] samples:		206
