[runlim] version:		1.10fixed
[runlim] time limit:		1200 seconds
[runlim] real time limit:	311040000 seconds
[runlim] space limit:		8000 MB
[runlim] argv[0]:		./run_experiment.sh
[runlim] argv[1]:		med-pgd-sim.onnx
[runlim] argv[2]:		154
[runlim] argv[3]:		0.016
[runlim] argv[4]:		lin0
[runlim] start:			Thu Oct 13 02:49:18 2022
[runlim] main pid:		7659
2022-10-13 02:49:20.334395: E tensorflow/stream_executor/cuda/cuda_blas.cc:2981] Unable to register cuBLAS factory: Attempting to register factory for plugin cuBLAS when one has already been registered
WARNING:tensorflow:From /barrett/scratch/haozewu/softmax/bounding-softmax/py37/lib/python3.7/site-packages/tensorflow/python/compat/v2_compat.py:107: disable_resource_variables (from tensorflow.python.ops.variable_scope) is deprecated and will be removed in a future version.
Instructions for updating:
non-resource variables are not supported in the long term
[runlim] sample:		19.1 time, 11.0 real, 580.4 MB
[runlim] end:			Thu Oct 13 02:49:31 2022
[runlim] status:		ok
[runlim] result:		0
[runlim] children:		121
[runlim] real:			13.16 seconds
[runlim] time:			21.71 seconds
[runlim] space:			964.7 MB
[runlim] samples:		122
