[runlim] version:		1.10fixed
[runlim] time limit:		1200 seconds
[runlim] real time limit:	311040000 seconds
[runlim] space limit:		8000 MB
[runlim] argv[0]:		./run_experiment.sh
[runlim] argv[1]:		big-pgd-sim.onnx
[runlim] argv[2]:		115
[runlim] argv[3]:		0.032
[runlim] argv[4]:		er
[runlim] start:			Thu Oct 13 02:54:36 2022
[runlim] main pid:		23427
2022-10-13 02:54:37.467838: E tensorflow/stream_executor/cuda/cuda_blas.cc:2981] Unable to register cuBLAS factory: Attempting to register factory for plugin cuBLAS when one has already been registered
WARNING:tensorflow:From /barrett/scratch/haozewu/softmax/bounding-softmax/py37/lib/python3.7/site-packages/tensorflow/python/compat/v2_compat.py:107: disable_resource_variables (from tensorflow.python.ops.variable_scope) is deprecated and will be removed in a future version.
Instructions for updating:
non-resource variables are not supported in the long term
[runlim] sample:		11.1 time, 10.4 real, 392.3 MB
[runlim] sample:		28.7 time, 20.4 real, 1271.9 MB
[runlim] end:			Thu Oct 13 02:55:00 2022
[runlim] status:		ok
[runlim] result:		0
[runlim] children:		317
[runlim] real:			24.04 seconds
[runlim] time:			31.90 seconds
[runlim] space:			2458.4 MB
[runlim] samples:		236
