[runlim] version:		1.10fixed
[runlim] time limit:		1200 seconds
[runlim] real time limit:	311040000 seconds
[runlim] space limit:		8000 MB
[runlim] argv[0]:		./run_experiment.sh
[runlim] argv[1]:		big-pgd-sim.onnx
[runlim] argv[2]:		284
[runlim] argv[3]:		0.02
[runlim] argv[4]:		lse2
[runlim] start:			Thu Oct 13 02:58:50 2022
[runlim] main pid:		13162
2022-10-13 02:58:51.982189: E tensorflow/stream_executor/cuda/cuda_blas.cc:2981] Unable to register cuBLAS factory: Attempting to register factory for plugin cuBLAS when one has already been registered
WARNING:tensorflow:From /barrett/scratch/haozewu/softmax/bounding-softmax/py37/lib/python3.7/site-packages/tensorflow/python/compat/v2_compat.py:107: disable_resource_variables (from tensorflow.python.ops.variable_scope) is deprecated and will be removed in a future version.
Instructions for updating:
non-resource variables are not supported in the long term
[runlim] sample:		12.4 time, 11.0 real, 423.3 MB
[runlim] sample:		31.3 time, 21.0 real, 1628.4 MB
[runlim] end:			Thu Oct 13 02:59:12 2022
[runlim] status:		ok
[runlim] result:		0
[runlim] children:		288
[runlim] real:			22.72 seconds
[runlim] time:			32.36 seconds
[runlim] space:			2438.7 MB
[runlim] samples:		217
