[runlim] version:		1.10fixed
[runlim] time limit:		1200 seconds
[runlim] real time limit:	311040000 seconds
[runlim] space limit:		8000 MB
[runlim] argv[0]:		./run_experiment.sh
[runlim] argv[1]:		big-pgd-sim.onnx
[runlim] argv[2]:		116
[runlim] argv[3]:		0.016
[runlim] argv[4]:		lse2
[runlim] start:			Thu Oct 13 04:00:50 2022
[runlim] main pid:		23798
2022-10-13 04:00:52.176025: E tensorflow/stream_executor/cuda/cuda_blas.cc:2981] Unable to register cuBLAS factory: Attempting to register factory for plugin cuBLAS when one has already been registered
WARNING:tensorflow:From /barrett/scratch/haozewu/softmax/bounding-softmax/py37/lib/python3.7/site-packages/tensorflow/python/compat/v2_compat.py:107: disable_resource_variables (from tensorflow.python.ops.variable_scope) is deprecated and will be removed in a future version.
Instructions for updating:
non-resource variables are not supported in the long term
[runlim] sample:		12.4 time, 11.0 real, 428.8 MB
[runlim] sample:		27.6 time, 21.0 real, 1141.6 MB
[runlim] end:			Thu Oct 13 04:01:14 2022
[runlim] status:		ok
[runlim] result:		0
[runlim] children:		319
[runlim] real:			24.46 seconds
[runlim] time:			32.27 seconds
[runlim] space:			2442.0 MB
[runlim] samples:		235
