[runlim] version:		1.10fixed
[runlim] time limit:		1200 seconds
[runlim] real time limit:	311040000 seconds
[runlim] space limit:		8000 MB
[runlim] argv[0]:		./run_experiment.sh
[runlim] argv[1]:		big-pgd-sim.onnx
[runlim] argv[2]:		47
[runlim] argv[3]:		0.02
[runlim] argv[4]:		er
[runlim] start:			Thu Oct 13 02:52:49 2022
[runlim] main pid:		32691
2022-10-13 02:52:50.900549: E tensorflow/stream_executor/cuda/cuda_blas.cc:2981] Unable to register cuBLAS factory: Attempting to register factory for plugin cuBLAS when one has already been registered
WARNING:tensorflow:From /barrett/scratch/haozewu/softmax/bounding-softmax/py37/lib/python3.7/site-packages/tensorflow/python/compat/v2_compat.py:107: disable_resource_variables (from tensorflow.python.ops.variable_scope) is deprecated and will be removed in a future version.
Instructions for updating:
non-resource variables are not supported in the long term
[runlim] sample:		13.5 time, 10.9 real, 417.4 MB
[runlim] sample:		0.0 time, 20.9 real, 3.1 MB
[runlim] end:			Thu Oct 13 02:53:12 2022
[runlim] status:		ok
[runlim] result:		0
[runlim] children:		122
[runlim] real:			23.21 seconds
[runlim] time:			15.56 seconds
[runlim] space:			493.6 MB
[runlim] samples:		223
