[runlim] version:		1.10fixed
[runlim] time limit:		1200 seconds
[runlim] real time limit:	311040000 seconds
[runlim] space limit:		8000 MB
[runlim] argv[0]:		./run_experiment.sh
[runlim] argv[1]:		med-pgd-sim.onnx
[runlim] argv[2]:		65
[runlim] argv[3]:		0.024
[runlim] argv[4]:		lse0.8
[runlim] start:			Thu Oct 13 03:53:27 2022
[runlim] main pid:		3433
2022-10-13 03:53:28.392903: E tensorflow/stream_executor/cuda/cuda_blas.cc:2981] Unable to register cuBLAS factory: Attempting to register factory for plugin cuBLAS when one has already been registered
WARNING:tensorflow:From /barrett/scratch/haozewu/softmax/bounding-softmax/py37/lib/python3.7/site-packages/tensorflow/python/compat/v2_compat.py:107: disable_resource_variables (from tensorflow.python.ops.variable_scope) is deprecated and will be removed in a future version.
Instructions for updating:
non-resource variables are not supported in the long term
[runlim] sample:		14.3 time, 10.2 real, 554.1 MB
[runlim] end:			Thu Oct 13 03:53:40 2022
[runlim] status:		ok
[runlim] result:		0
[runlim] children:		174
[runlim] real:			13.46 seconds
[runlim] time:			18.53 seconds
[runlim] space:			942.7 MB
[runlim] samples:		132
