[runlim] version:		1.10fixed
[runlim] time limit:		1200 seconds
[runlim] real time limit:	311040000 seconds
[runlim] space limit:		8000 MB
[runlim] argv[0]:		./run_experiment.sh
[runlim] argv[1]:		big-pgd-sim.onnx
[runlim] argv[2]:		152
[runlim] argv[3]:		0.024
[runlim] argv[4]:		lse0.8
[runlim] start:			Thu Oct 13 04:01:32 2022
[runlim] main pid:		12372
2022-10-13 04:01:33.226796: E tensorflow/stream_executor/cuda/cuda_blas.cc:2981] Unable to register cuBLAS factory: Attempting to register factory for plugin cuBLAS when one has already been registered
WARNING:tensorflow:From /barrett/scratch/haozewu/softmax/bounding-softmax/py37/lib/python3.7/site-packages/tensorflow/python/compat/v2_compat.py:107: disable_resource_variables (from tensorflow.python.ops.variable_scope) is deprecated and will be removed in a future version.
Instructions for updating:
non-resource variables are not supported in the long term
[runlim] sample:		11.6 time, 10.1 real, 429.2 MB
[runlim] sample:		30.1 time, 20.1 real, 1582.5 MB
[runlim] end:			Thu Oct 13 04:01:53 2022
[runlim] status:		ok
[runlim] result:		0
[runlim] children:		288
[runlim] real:			21.13 seconds
[runlim] time:			30.17 seconds
[runlim] space:			2439.9 MB
[runlim] samples:		210
