[runlim] version:		1.10fixed
[runlim] time limit:		1200 seconds
[runlim] real time limit:	311040000 seconds
[runlim] space limit:		8000 MB
[runlim] argv[0]:		./run_experiment.sh
[runlim] argv[1]:		big-pgd-sim.onnx
[runlim] argv[2]:		97
[runlim] argv[3]:		0.016
[runlim] argv[4]:		lin0
[runlim] start:			Thu Oct 13 02:54:03 2022
[runlim] main pid:		6319
2022-10-13 02:54:04.407939: E tensorflow/stream_executor/cuda/cuda_blas.cc:2981] Unable to register cuBLAS factory: Attempting to register factory for plugin cuBLAS when one has already been registered
WARNING:tensorflow:From /barrett/scratch/haozewu/softmax/bounding-softmax/py37/lib/python3.7/site-packages/tensorflow/python/compat/v2_compat.py:107: disable_resource_variables (from tensorflow.python.ops.variable_scope) is deprecated and will be removed in a future version.
Instructions for updating:
non-resource variables are not supported in the long term
[runlim] sample:		11.8 time, 10.4 real, 388.8 MB
[runlim] sample:		35.8 time, 20.4 real, 1354.8 MB
[runlim] end:			Thu Oct 13 02:54:25 2022
[runlim] status:		ok
[runlim] result:		0
[runlim] children:		219
[runlim] real:			22.31 seconds
[runlim] time:			37.66 seconds
[runlim] space:			2437.8 MB
[runlim] samples:		219
