[runlim] version:		1.10fixed
[runlim] time limit:		1200 seconds
[runlim] real time limit:	311040000 seconds
[runlim] space limit:		8000 MB
[runlim] argv[0]:		./run_experiment.sh
[runlim] argv[1]:		big-pgd-sim.onnx
[runlim] argv[2]:		375
[runlim] argv[3]:		0.02
[runlim] argv[4]:		lin0
[runlim] start:			Thu Oct 13 04:05:44 2022
[runlim] main pid:		24750
2022-10-13 04:05:45.743863: E tensorflow/stream_executor/cuda/cuda_blas.cc:2981] Unable to register cuBLAS factory: Attempting to register factory for plugin cuBLAS when one has already been registered
WARNING:tensorflow:From /barrett/scratch/haozewu/softmax/bounding-softmax/py37/lib/python3.7/site-packages/tensorflow/python/compat/v2_compat.py:107: disable_resource_variables (from tensorflow.python.ops.variable_scope) is deprecated and will be removed in a future version.
Instructions for updating:
non-resource variables are not supported in the long term
[runlim] sample:		13.4 time, 10.7 real, 442.3 MB
[runlim] end:			Thu Oct 13 04:06:04 2022
[runlim] status:		ok
[runlim] result:		0
[runlim] children:		195
[runlim] real:			20.26 seconds
[runlim] time:			36.13 seconds
[runlim] space:			2469.5 MB
[runlim] samples:		195
