[runlim] version:		1.10fixed
[runlim] time limit:		1200 seconds
[runlim] real time limit:	311040000 seconds
[runlim] space limit:		8000 MB
[runlim] argv[0]:		./run_experiment.sh
[runlim] argv[1]:		big-pgd-sim.onnx
[runlim] argv[2]:		478
[runlim] argv[3]:		0.016
[runlim] argv[4]:		lse1
[runlim] start:			Thu Oct 13 04:07:44 2022
[runlim] main pid:		4759
2022-10-13 04:07:46.234076: E tensorflow/stream_executor/cuda/cuda_blas.cc:2981] Unable to register cuBLAS factory: Attempting to register factory for plugin cuBLAS when one has already been registered
WARNING:tensorflow:From /barrett/scratch/haozewu/softmax/bounding-softmax/py37/lib/python3.7/site-packages/tensorflow/python/compat/v2_compat.py:107: disable_resource_variables (from tensorflow.python.ops.variable_scope) is deprecated and will be removed in a future version.
Instructions for updating:
non-resource variables are not supported in the long term
[runlim] sample:		11.7 time, 11.0 real, 398.4 MB
[runlim] sample:		29.0 time, 21.0 real, 1141.0 MB
[runlim] end:			Thu Oct 13 04:08:08 2022
[runlim] status:		ok
[runlim] result:		0
[runlim] children:		311
[runlim] real:			24.38 seconds
[runlim] time:			33.27 seconds
[runlim] space:			2441.1 MB
[runlim] samples:		233
