[runlim] version:		1.10fixed
[runlim] time limit:		1200 seconds
[runlim] real time limit:	311040000 seconds
[runlim] space limit:		8000 MB
[runlim] argv[0]:		./run_experiment.sh
[runlim] argv[1]:		big-pgd-sim.onnx
[runlim] argv[2]:		448
[runlim] argv[3]:		0.024
[runlim] argv[4]:		lse0.6
[runlim] start:			Thu Oct 13 04:07:10 2022
[runlim] main pid:		14658
2022-10-13 04:07:12.102530: E tensorflow/stream_executor/cuda/cuda_blas.cc:2981] Unable to register cuBLAS factory: Attempting to register factory for plugin cuBLAS when one has already been registered
WARNING:tensorflow:From /barrett/scratch/haozewu/softmax/bounding-softmax/py37/lib/python3.7/site-packages/tensorflow/python/compat/v2_compat.py:107: disable_resource_variables (from tensorflow.python.ops.variable_scope) is deprecated and will be removed in a future version.
Instructions for updating:
non-resource variables are not supported in the long term
[runlim] sample:		13.2 time, 10.8 real, 417.8 MB
[runlim] sample:		14.3 time, 20.8 real, 376.4 MB
[runlim] end:			Thu Oct 13 04:07:30 2022
[runlim] status:		ok
[runlim] result:		0
[runlim] children:		289
[runlim] real:			20.87 seconds
[runlim] time:			30.31 seconds
[runlim] space:			2446.3 MB
[runlim] samples:		200
