[runlim] version:		1.10fixed
[runlim] time limit:		1200 seconds
[runlim] real time limit:	311040000 seconds
[runlim] space limit:		8000 MB
[runlim] argv[0]:		./run_experiment.sh
[runlim] argv[1]:		small-pgd-sim.onnx
[runlim] argv[2]:		9
[runlim] argv[3]:		0.024
[runlim] argv[4]:		lin0
[runlim] start:			Thu Oct 13 02:44:14 2022
[runlim] main pid:		29157
[runlim] sample:		2.9 time, 10.0 real, 144.9 MB
2022-10-13 02:44:25.289879: E tensorflow/stream_executor/cuda/cuda_blas.cc:2981] Unable to register cuBLAS factory: Attempting to register factory for plugin cuBLAS when one has already been registered
WARNING:tensorflow:From /barrett/scratch/haozewu/softmax/bounding-softmax/py37/lib/python3.7/site-packages/tensorflow/python/compat/v2_compat.py:107: disable_resource_variables (from tensorflow.python.ops.variable_scope) is deprecated and will be removed in a future version.
Instructions for updating:
non-resource variables are not supported in the long term
[runlim] sample:		8.9 time, 20.0 real, 383.8 MB
[runlim] end:			Thu Oct 13 02:44:35 2022
[runlim] status:		ok
[runlim] result:		0
[runlim] children:		200
[runlim] real:			20.09 seconds
[runlim] time:			8.86 seconds
[runlim] space:			410.9 MB
[runlim] samples:		200
