[runlim] version:		1.10fixed
[runlim] time limit:		1200 seconds
[runlim] real time limit:	311040000 seconds
[runlim] space limit:		8000 MB
[runlim] argv[0]:		./run_experiment.sh
[runlim] argv[1]:		big-pgd-sim.onnx
[runlim] argv[2]:		128
[runlim] argv[3]:		0.02
[runlim] argv[4]:		lin0
[runlim] start:			Thu Oct 13 02:54:54 2022
[runlim] main pid:		9721
2022-10-13 02:54:55.297169: E tensorflow/stream_executor/cuda/cuda_blas.cc:2981] Unable to register cuBLAS factory: Attempting to register factory for plugin cuBLAS when one has already been registered
WARNING:tensorflow:From /barrett/scratch/haozewu/softmax/bounding-softmax/py37/lib/python3.7/site-packages/tensorflow/python/compat/v2_compat.py:107: disable_resource_variables (from tensorflow.python.ops.variable_scope) is deprecated and will be removed in a future version.
Instructions for updating:
non-resource variables are not supported in the long term
[runlim] sample:		12.0 time, 10.1 real, 431.6 MB
[runlim] sample:		36.9 time, 20.1 real, 2.9 MB
[runlim] end:			Thu Oct 13 02:55:14 2022
[runlim] status:		ok
[runlim] result:		0
[runlim] children:		200
[runlim] real:			20.12 seconds
[runlim] time:			36.90 seconds
[runlim] space:			2473.1 MB
[runlim] samples:		200
