[runlim] version:		1.10fixed
[runlim] time limit:		1200 seconds
[runlim] real time limit:	311040000 seconds
[runlim] space limit:		8000 MB
[runlim] argv[0]:		./run_experiment.sh
[runlim] argv[1]:		med-pgd-sim.onnx
[runlim] argv[2]:		26
[runlim] argv[3]:		0.016
[runlim] argv[4]:		linear
[runlim] start:			Thu Oct 13 03:52:58 2022
[runlim] main pid:		25512
2022-10-13 03:53:00.289072: E tensorflow/stream_executor/cuda/cuda_blas.cc:2981] Unable to register cuBLAS factory: Attempting to register factory for plugin cuBLAS when one has already been registered
WARNING:tensorflow:From /barrett/scratch/haozewu/softmax/bounding-softmax/py37/lib/python3.7/site-packages/tensorflow/python/compat/v2_compat.py:107: disable_resource_variables (from tensorflow.python.ops.variable_scope) is deprecated and will be removed in a future version.
Instructions for updating:
non-resource variables are not supported in the long term
[runlim] sample:		12.5 time, 11.0 real, 451.0 MB
[runlim] end:			Thu Oct 13 03:53:12 2022
[runlim] status:		ok
[runlim] result:		0
[runlim] children:		176
[runlim] real:			14.56 seconds
[runlim] time:			17.96 seconds
[runlim] space:			909.9 MB
[runlim] samples:		135
