[runlim] version:		1.10fixed
[runlim] time limit:		1200 seconds
[runlim] real time limit:	311040000 seconds
[runlim] space limit:		8000 MB
[runlim] argv[0]:		./run_experiment.sh
[runlim] argv[1]:		big-pgd-sim.onnx
[runlim] argv[2]:		254
[runlim] argv[3]:		0.02
[runlim] argv[4]:		lse0.6
[runlim] start:			Thu Oct 13 02:58:05 2022
[runlim] main pid:		3778
2022-10-13 02:58:06.202480: E tensorflow/stream_executor/cuda/cuda_blas.cc:2981] Unable to register cuBLAS factory: Attempting to register factory for plugin cuBLAS when one has already been registered
WARNING:tensorflow:From /barrett/scratch/haozewu/softmax/bounding-softmax/py37/lib/python3.7/site-packages/tensorflow/python/compat/v2_compat.py:107: disable_resource_variables (from tensorflow.python.ops.variable_scope) is deprecated and will be removed in a future version.
Instructions for updating:
non-resource variables are not supported in the long term
[runlim] sample:		13.2 time, 10.1 real, 493.4 MB
[runlim] sample:		30.3 time, 20.1 real, 1360.3 MB
[runlim] end:			Thu Oct 13 02:58:27 2022
[runlim] status:		ok
[runlim] result:		0
[runlim] children:		323
[runlim] real:			22.63 seconds
[runlim] time:			32.10 seconds
[runlim] space:			2453.5 MB
[runlim] samples:		225
