[runlim] version:		1.10fixed
[runlim] time limit:		1200 seconds
[runlim] real time limit:	311040000 seconds
[runlim] space limit:		8000 MB
[runlim] argv[0]:		./run_experiment.sh
[runlim] argv[1]:		big-pgd-sim.onnx
[runlim] argv[2]:		190
[runlim] argv[3]:		0.032
[runlim] argv[4]:		er
[runlim] start:			Thu Oct 13 02:56:30 2022
[runlim] main pid:		27860
2022-10-13 02:56:31.996355: E tensorflow/stream_executor/cuda/cuda_blas.cc:2981] Unable to register cuBLAS factory: Attempting to register factory for plugin cuBLAS when one has already been registered
WARNING:tensorflow:From /barrett/scratch/haozewu/softmax/bounding-softmax/py37/lib/python3.7/site-packages/tensorflow/python/compat/v2_compat.py:107: disable_resource_variables (from tensorflow.python.ops.variable_scope) is deprecated and will be removed in a future version.
Instructions for updating:
non-resource variables are not supported in the long term
[runlim] sample:		14.3 time, 10.8 real, 414.0 MB
[runlim] sample:		29.5 time, 20.8 real, 2155.3 MB
[runlim] end:			Thu Oct 13 02:56:52 2022
[runlim] status:		ok
[runlim] result:		0
[runlim] children:		310
[runlim] real:			22.19 seconds
[runlim] time:			30.22 seconds
[runlim] space:			2453.2 MB
[runlim] samples:		214
