[runlim] version:		1.10fixed
[runlim] time limit:		1200 seconds
[runlim] real time limit:	311040000 seconds
[runlim] space limit:		8000 MB
[runlim] argv[0]:		./run_experiment.sh
[runlim] argv[1]:		big-pgd-sim.onnx
[runlim] argv[2]:		430
[runlim] argv[3]:		0.016
[runlim] argv[4]:		linear
[runlim] start:			Thu Oct 13 04:06:48 2022
[runlim] main pid:		13915
2022-10-13 04:06:50.190335: E tensorflow/stream_executor/cuda/cuda_blas.cc:2981] Unable to register cuBLAS factory: Attempting to register factory for plugin cuBLAS when one has already been registered
WARNING:tensorflow:From /barrett/scratch/haozewu/softmax/bounding-softmax/py37/lib/python3.7/site-packages/tensorflow/python/compat/v2_compat.py:107: disable_resource_variables (from tensorflow.python.ops.variable_scope) is deprecated and will be removed in a future version.
Instructions for updating:
non-resource variables are not supported in the long term
[runlim] sample:		11.9 time, 11.0 real, 433.4 MB
[runlim] sample:		28.6 time, 21.0 real, 1618.5 MB
[runlim] end:			Thu Oct 13 04:07:11 2022
[runlim] status:		ok
[runlim] result:		0
[runlim] children:		313
[runlim] real:			23.35 seconds
[runlim] time:			30.06 seconds
[runlim] space:			2451.6 MB
[runlim] samples:		223
