[runlim] version:		1.10fixed
[runlim] time limit:		1200 seconds
[runlim] real time limit:	311040000 seconds
[runlim] space limit:		8000 MB
[runlim] argv[0]:		./run_experiment.sh
[runlim] argv[1]:		big-pgd-sim.onnx
[runlim] argv[2]:		45
[runlim] argv[3]:		0.024
[runlim] argv[4]:		lse2
[runlim] start:			Thu Oct 13 02:52:47 2022
[runlim] main pid:		26311
2022-10-13 02:52:49.273939: E tensorflow/stream_executor/cuda/cuda_blas.cc:2981] Unable to register cuBLAS factory: Attempting to register factory for plugin cuBLAS when one has already been registered
WARNING:tensorflow:From /barrett/scratch/haozewu/softmax/bounding-softmax/py37/lib/python3.7/site-packages/tensorflow/python/compat/v2_compat.py:107: disable_resource_variables (from tensorflow.python.ops.variable_scope) is deprecated and will be removed in a future version.
Instructions for updating:
non-resource variables are not supported in the long term
[runlim] sample:		11.6 time, 11.0 real, 416.7 MB
[runlim] sample:		25.0 time, 21.0 real, 1151.7 MB
[runlim] end:			Thu Oct 13 02:53:12 2022
[runlim] status:		ok
[runlim] result:		0
[runlim] children:		330
[runlim] real:			25.01 seconds
[runlim] time:			31.16 seconds
[runlim] space:			2455.5 MB
[runlim] samples:		240
