[runlim] version:		1.10fixed
[runlim] time limit:		1200 seconds
[runlim] real time limit:	311040000 seconds
[runlim] space limit:		8000 MB
[runlim] argv[0]:		./run_experiment.sh
[runlim] argv[1]:		big-pgd-sim.onnx
[runlim] argv[2]:		127
[runlim] argv[3]:		0.024
[runlim] argv[4]:		er
[runlim] start:			Thu Oct 13 04:00:58 2022
[runlim] main pid:		21845
2022-10-13 04:00:59.644280: E tensorflow/stream_executor/cuda/cuda_blas.cc:2981] Unable to register cuBLAS factory: Attempting to register factory for plugin cuBLAS when one has already been registered
WARNING:tensorflow:From /barrett/scratch/haozewu/softmax/bounding-softmax/py37/lib/python3.7/site-packages/tensorflow/python/compat/v2_compat.py:107: disable_resource_variables (from tensorflow.python.ops.variable_scope) is deprecated and will be removed in a future version.
Instructions for updating:
non-resource variables are not supported in the long term
[runlim] sample:		13.7 time, 10.6 real, 492.4 MB
[runlim] sample:		30.1 time, 20.6 real, 1555.4 MB
[runlim] end:			Thu Oct 13 04:01:20 2022
[runlim] status:		ok
[runlim] result:		0
[runlim] children:		319
[runlim] real:			22.83 seconds
[runlim] time:			31.49 seconds
[runlim] space:			2441.7 MB
[runlim] samples:		222
