[runlim] version:		1.10fixed
[runlim] time limit:		1200 seconds
[runlim] real time limit:	311040000 seconds
[runlim] space limit:		8000 MB
[runlim] argv[0]:		./run_experiment.sh
[runlim] argv[1]:		med-pgd-sim.onnx
[runlim] argv[2]:		10
[runlim] argv[3]:		0.016
[runlim] argv[4]:		lin0
[runlim] start:			Thu Oct 13 03:52:46 2022
[runlim] main pid:		24296
2022-10-13 03:52:48.097518: E tensorflow/stream_executor/cuda/cuda_blas.cc:2981] Unable to register cuBLAS factory: Attempting to register factory for plugin cuBLAS when one has already been registered
WARNING:tensorflow:From /barrett/scratch/haozewu/softmax/bounding-softmax/py37/lib/python3.7/site-packages/tensorflow/python/compat/v2_compat.py:107: disable_resource_variables (from tensorflow.python.ops.variable_scope) is deprecated and will be removed in a future version.
Instructions for updating:
non-resource variables are not supported in the long term
[runlim] sample:		22.2 time, 10.9 real, 810.9 MB
[runlim] end:			Thu Oct 13 03:52:58 2022
[runlim] status:		ok
[runlim] result:		0
[runlim] children:		111
[runlim] real:			12.02 seconds
[runlim] time:			22.99 seconds
[runlim] space:			970.7 MB
[runlim] samples:		111
