[runlim] version:		1.10fixed
[runlim] time limit:		1200 seconds
[runlim] real time limit:	311040000 seconds
[runlim] space limit:		8000 MB
[runlim] argv[0]:		./run_experiment.sh
[runlim] argv[1]:		big-pgd-sim.onnx
[runlim] argv[2]:		53
[runlim] argv[3]:		0.016
[runlim] argv[4]:		lse0.8
[runlim] start:			Thu Oct 13 02:52:55 2022
[runlim] main pid:		23576
2022-10-13 02:52:56.614637: E tensorflow/stream_executor/cuda/cuda_blas.cc:2981] Unable to register cuBLAS factory: Attempting to register factory for plugin cuBLAS when one has already been registered
WARNING:tensorflow:From /barrett/scratch/haozewu/softmax/bounding-softmax/py37/lib/python3.7/site-packages/tensorflow/python/compat/v2_compat.py:107: disable_resource_variables (from tensorflow.python.ops.variable_scope) is deprecated and will be removed in a future version.
Instructions for updating:
non-resource variables are not supported in the long term
[runlim] sample:		13.2 time, 10.7 real, 432.6 MB
[runlim] sample:		31.5 time, 20.7 real, 2199.0 MB
[runlim] end:			Thu Oct 13 02:53:16 2022
[runlim] status:		ok
[runlim] result:		0
[runlim] children:		282
[runlim] real:			21.81 seconds
[runlim] time:			32.02 seconds
[runlim] space:			2446.1 MB
[runlim] samples:		210
