[runlim] version:		1.10fixed
[runlim] time limit:		1200 seconds
[runlim] real time limit:	311040000 seconds
[runlim] space limit:		8000 MB
[runlim] argv[0]:		./run_experiment.sh
[runlim] argv[1]:		small-pgd-sim.onnx
[runlim] argv[2]:		9
[runlim] argv[3]:		0.016
[runlim] argv[4]:		er
[runlim] start:			Thu Oct 13 02:44:14 2022
[runlim] main pid:		29124
2022-10-13 02:44:24.667719: E tensorflow/stream_executor/cuda/cuda_blas.cc:2981] Unable to register cuBLAS factory: Attempting to register factory for plugin cuBLAS when one has already been registered
[runlim] sample:		2.0 time, 11.0 real, 170.4 MB
WARNING:tensorflow:From /barrett/scratch/haozewu/softmax/bounding-softmax/py37/lib/python3.7/site-packages/tensorflow/python/compat/v2_compat.py:107: disable_resource_variables (from tensorflow.python.ops.variable_scope) is deprecated and will be removed in a future version.
Instructions for updating:
non-resource variables are not supported in the long term
[runlim] sample:		6.5 time, 21.0 real, 358.9 MB
[runlim] end:			Thu Oct 13 02:44:35 2022
[runlim] status:		ok
[runlim] result:		0
[runlim] children:		205
[runlim] real:			21.09 seconds
[runlim] time:			6.88 seconds
[runlim] space:			414.8 MB
[runlim] samples:		201
