[runlim] version:		1.10fixed
[runlim] time limit:		1200 seconds
[runlim] real time limit:	311040000 seconds
[runlim] space limit:		8000 MB
[runlim] argv[0]:		./run_experiment.sh
[runlim] argv[1]:		small-pgd-sim.onnx
[runlim] argv[2]:		3
[runlim] argv[3]:		0.016
[runlim] argv[4]:		lse0.8
[runlim] start:			Thu Oct 13 02:44:10 2022
[runlim] main pid:		4800
2022-10-13 02:44:15.786677: E tensorflow/stream_executor/cuda/cuda_blas.cc:2981] Unable to register cuBLAS factory: Attempting to register factory for plugin cuBLAS when one has already been registered
[runlim] sample:		3.3 time, 10.9 real, 241.0 MB
WARNING:tensorflow:From /barrett/scratch/haozewu/softmax/bounding-softmax/py37/lib/python3.7/site-packages/tensorflow/python/compat/v2_compat.py:107: disable_resource_variables (from tensorflow.python.ops.variable_scope) is deprecated and will be removed in a future version.
Instructions for updating:
non-resource variables are not supported in the long term
[runlim] sample:		6.0 time, 20.9 real, 352.0 MB
[runlim] end:			Thu Oct 13 02:44:32 2022
[runlim] status:		ok
[runlim] result:		0
[runlim] children:		221
[runlim] real:			22.62 seconds
[runlim] time:			7.28 seconds
[runlim] space:			536.1 MB
[runlim] samples:		217
