[runlim] version:		1.10fixed
[runlim] time limit:		1200 seconds
[runlim] real time limit:	311040000 seconds
[runlim] space limit:		8000 MB
[runlim] argv[0]:		./run_experiment.sh
[runlim] argv[1]:		big-pgd-sim.onnx
[runlim] argv[2]:		163
[runlim] argv[3]:		0.032
[runlim] argv[4]:		linear
[runlim] start:			Thu Oct 13 02:55:47 2022
[runlim] main pid:		13443
2022-10-13 02:55:48.605212: E tensorflow/stream_executor/cuda/cuda_blas.cc:2981] Unable to register cuBLAS factory: Attempting to register factory for plugin cuBLAS when one has already been registered
WARNING:tensorflow:From /barrett/scratch/haozewu/softmax/bounding-softmax/py37/lib/python3.7/site-packages/tensorflow/python/compat/v2_compat.py:107: disable_resource_variables (from tensorflow.python.ops.variable_scope) is deprecated and will be removed in a future version.
Instructions for updating:
non-resource variables are not supported in the long term
[runlim] sample:		13.5 time, 10.3 real, 417.9 MB
[runlim] sample:		29.5 time, 20.3 real, 2251.3 MB
[runlim] end:			Thu Oct 13 02:56:08 2022
[runlim] status:		ok
[runlim] result:		0
[runlim] children:		311
[runlim] real:			21.67 seconds
[runlim] time:			30.16 seconds
[runlim] space:			2455.5 MB
[runlim] samples:		213
