[runlim] version:		1.10fixed
[runlim] time limit:		1200 seconds
[runlim] real time limit:	311040000 seconds
[runlim] space limit:		8000 MB
[runlim] argv[0]:		./run_experiment.sh
[runlim] argv[1]:		med-pgd-sim.onnx
[runlim] argv[2]:		204
[runlim] argv[3]:		0.02
[runlim] argv[4]:		lse1
[runlim] start:			Thu Oct 13 03:55:05 2022
[runlim] main pid:		18157
2022-10-13 03:55:06.274714: E tensorflow/stream_executor/cuda/cuda_blas.cc:2981] Unable to register cuBLAS factory: Attempting to register factory for plugin cuBLAS when one has already been registered
WARNING:tensorflow:From /barrett/scratch/haozewu/softmax/bounding-softmax/py37/lib/python3.7/site-packages/tensorflow/python/compat/v2_compat.py:107: disable_resource_variables (from tensorflow.python.ops.variable_scope) is deprecated and will be removed in a future version.
Instructions for updating:
non-resource variables are not supported in the long term
[runlim] sample:		14.0 time, 10.0 real, 570.1 MB
[runlim] end:			Thu Oct 13 03:55:17 2022
[runlim] status:		ok
[runlim] result:		0
[runlim] children:		165
[runlim] real:			12.77 seconds
[runlim] time:			18.38 seconds
[runlim] space:			956.1 MB
[runlim] samples:		127
