[runlim] version:		1.10fixed
[runlim] time limit:		1200 seconds
[runlim] real time limit:	311040000 seconds
[runlim] space limit:		8000 MB
[runlim] argv[0]:		./run_experiment.sh
[runlim] argv[1]:		big-pgd-sim.onnx
[runlim] argv[2]:		111
[runlim] argv[3]:		0.032
[runlim] argv[4]:		lse0.8
[runlim] start:			Thu Oct 13 02:54:24 2022
[runlim] main pid:		978
2022-10-13 02:54:26.050363: E tensorflow/stream_executor/cuda/cuda_blas.cc:2981] Unable to register cuBLAS factory: Attempting to register factory for plugin cuBLAS when one has already been registered
WARNING:tensorflow:From /barrett/scratch/haozewu/softmax/bounding-softmax/py37/lib/python3.7/site-packages/tensorflow/python/compat/v2_compat.py:107: disable_resource_variables (from tensorflow.python.ops.variable_scope) is deprecated and will be removed in a future version.
Instructions for updating:
non-resource variables are not supported in the long term
[runlim] sample:		13.3 time, 11.0 real, 419.5 MB
[runlim] sample:		29.3 time, 21.0 real, 1810.1 MB
[runlim] end:			Thu Oct 13 02:54:46 2022
[runlim] status:		ok
[runlim] result:		0
[runlim] children:		318
[runlim] real:			23.00 seconds
[runlim] time:			30.38 seconds
[runlim] space:			2462.9 MB
[runlim] samples:		220
