[runlim] version:		1.10fixed
[runlim] time limit:		1200 seconds
[runlim] real time limit:	311040000 seconds
[runlim] space limit:		8000 MB
[runlim] argv[0]:		./run_experiment.sh
[runlim] argv[1]:		big-pgd-sim.onnx
[runlim] argv[2]:		251
[runlim] argv[3]:		0.016
[runlim] argv[4]:		lin0
[runlim] start:			Thu Oct 13 02:58:02 2022
[runlim] main pid:		11359
2022-10-13 02:58:03.198246: E tensorflow/stream_executor/cuda/cuda_blas.cc:2981] Unable to register cuBLAS factory: Attempting to register factory for plugin cuBLAS when one has already been registered
WARNING:tensorflow:From /barrett/scratch/haozewu/softmax/bounding-softmax/py37/lib/python3.7/site-packages/tensorflow/python/compat/v2_compat.py:107: disable_resource_variables (from tensorflow.python.ops.variable_scope) is deprecated and will be removed in a future version.
Instructions for updating:
non-resource variables are not supported in the long term
[runlim] sample:		13.0 time, 10.2 real, 429.6 MB
[runlim] sample:		34.6 time, 20.2 real, 1145.7 MB
[runlim] end:			Thu Oct 13 02:58:22 2022
[runlim] status:		ok
[runlim] result:		0
[runlim] children:		206
[runlim] real:			20.81 seconds
[runlim] time:			35.18 seconds
[runlim] space:			2467.3 MB
[runlim] samples:		206
