[runlim] version:		1.10fixed
[runlim] time limit:		1200 seconds
[runlim] real time limit:	311040000 seconds
[runlim] space limit:		8000 MB
[runlim] argv[0]:		./run_experiment.sh
[runlim] argv[1]:		big-pgd-sim.onnx
[runlim] argv[2]:		279
[runlim] argv[3]:		0.016
[runlim] argv[4]:		lse1
[runlim] start:			Thu Oct 13 04:03:54 2022
[runlim] main pid:		20033
2022-10-13 04:03:55.676776: E tensorflow/stream_executor/cuda/cuda_blas.cc:2981] Unable to register cuBLAS factory: Attempting to register factory for plugin cuBLAS when one has already been registered
WARNING:tensorflow:From /barrett/scratch/haozewu/softmax/bounding-softmax/py37/lib/python3.7/site-packages/tensorflow/python/compat/v2_compat.py:107: disable_resource_variables (from tensorflow.python.ops.variable_scope) is deprecated and will be removed in a future version.
Instructions for updating:
non-resource variables are not supported in the long term
[runlim] sample:		12.0 time, 10.5 real, 471.0 MB
[runlim] sample:		28.1 time, 20.5 real, 1849.9 MB
[runlim] end:			Thu Oct 13 04:04:16 2022
[runlim] status:		ok
[runlim] result:		0
[runlim] children:		300
[runlim] real:			22.08 seconds
[runlim] time:			29.04 seconds
[runlim] space:			2451.4 MB
[runlim] samples:		216
