[runlim] version:		1.10fixed
[runlim] time limit:		1200 seconds
[runlim] real time limit:	311040000 seconds
[runlim] space limit:		8000 MB
[runlim] argv[0]:		./run_experiment.sh
[runlim] argv[1]:		med-pgd-sim.onnx
[runlim] argv[2]:		1
[runlim] argv[3]:		0.016
[runlim] argv[4]:		lin0
[runlim] start:			Thu Oct 13 03:52:43 2022
[runlim] main pid:		13350
2022-10-13 03:52:45.330365: E tensorflow/stream_executor/cuda/cuda_blas.cc:2981] Unable to register cuBLAS factory: Attempting to register factory for plugin cuBLAS when one has already been registered
WARNING:tensorflow:From /barrett/scratch/haozewu/softmax/bounding-softmax/py37/lib/python3.7/site-packages/tensorflow/python/compat/v2_compat.py:107: disable_resource_variables (from tensorflow.python.ops.variable_scope) is deprecated and will be removed in a future version.
Instructions for updating:
non-resource variables are not supported in the long term
[runlim] sample:		19.8 time, 10.9 real, 758.5 MB
[runlim] end:			Thu Oct 13 03:52:54 2022
[runlim] status:		ok
[runlim] result:		0
[runlim] children:		106
[runlim] real:			11.54 seconds
[runlim] time:			20.39 seconds
[runlim] space:			923.9 MB
[runlim] samples:		106
