[runlim] version:		1.10fixed
[runlim] time limit:		1200 seconds
[runlim] real time limit:	311040000 seconds
[runlim] space limit:		8000 MB
[runlim] argv[0]:		./run_experiment.sh
[runlim] argv[1]:		big-pgd-sim.onnx
[runlim] argv[2]:		144
[runlim] argv[3]:		0.024
[runlim] argv[4]:		linear
[runlim] start:			Thu Oct 13 04:01:19 2022
[runlim] main pid:		9207
2022-10-13 04:01:20.453386: E tensorflow/stream_executor/cuda/cuda_blas.cc:2981] Unable to register cuBLAS factory: Attempting to register factory for plugin cuBLAS when one has already been registered
WARNING:tensorflow:From /barrett/scratch/haozewu/softmax/bounding-softmax/py37/lib/python3.7/site-packages/tensorflow/python/compat/v2_compat.py:107: disable_resource_variables (from tensorflow.python.ops.variable_scope) is deprecated and will be removed in a future version.
Instructions for updating:
non-resource variables are not supported in the long term
[runlim] sample:		11.7 time, 10.4 real, 434.3 MB
[runlim] sample:		28.7 time, 20.4 real, 1434.5 MB
[runlim] end:			Thu Oct 13 04:01:42 2022
[runlim] status:		ok
[runlim] result:		0
[runlim] children:		330
[runlim] real:			23.45 seconds
[runlim] time:			30.89 seconds
[runlim] space:			2442.9 MB
[runlim] samples:		230
