[runlim] version:		1.10fixed
[runlim] time limit:		1200 seconds
[runlim] real time limit:	311040000 seconds
[runlim] space limit:		8000 MB
[runlim] argv[0]:		./run_experiment.sh
[runlim] argv[1]:		big-pgd-sim.onnx
[runlim] argv[2]:		211
[runlim] argv[3]:		0.02
[runlim] argv[4]:		lse2
[runlim] start:			Thu Oct 13 04:02:41 2022
[runlim] main pid:		25028
2022-10-13 04:02:42.317710: E tensorflow/stream_executor/cuda/cuda_blas.cc:2981] Unable to register cuBLAS factory: Attempting to register factory for plugin cuBLAS when one has already been registered
WARNING:tensorflow:From /barrett/scratch/haozewu/softmax/bounding-softmax/py37/lib/python3.7/site-packages/tensorflow/python/compat/v2_compat.py:107: disable_resource_variables (from tensorflow.python.ops.variable_scope) is deprecated and will be removed in a future version.
Instructions for updating:
non-resource variables are not supported in the long term
[runlim] sample:		12.8 time, 10.2 real, 432.3 MB
[runlim] sample:		32.1 time, 20.2 real, 2001.5 MB
[runlim] end:			Thu Oct 13 04:03:03 2022
[runlim] status:		ok
[runlim] result:		0
[runlim] children:		306
[runlim] real:			22.20 seconds
[runlim] time:			33.00 seconds
[runlim] space:			2467.7 MB
[runlim] samples:		220
