[runlim] version:		1.10fixed
[runlim] time limit:		1200 seconds
[runlim] real time limit:	311040000 seconds
[runlim] space limit:		8000 MB
[runlim] argv[0]:		./run_experiment.sh
[runlim] argv[1]:		big-pgd-sim.onnx
[runlim] argv[2]:		303
[runlim] argv[3]:		0.024
[runlim] argv[4]:		lse0.6
[runlim] start:			Thu Oct 13 04:04:22 2022
[runlim] main pid:		6516
2022-10-13 04:04:24.093685: E tensorflow/stream_executor/cuda/cuda_blas.cc:2981] Unable to register cuBLAS factory: Attempting to register factory for plugin cuBLAS when one has already been registered
WARNING:tensorflow:From /barrett/scratch/haozewu/softmax/bounding-softmax/py37/lib/python3.7/site-packages/tensorflow/python/compat/v2_compat.py:107: disable_resource_variables (from tensorflow.python.ops.variable_scope) is deprecated and will be removed in a future version.
Instructions for updating:
non-resource variables are not supported in the long term
[runlim] sample:		13.1 time, 11.0 real, 474.6 MB
[runlim] sample:		30.5 time, 21.0 real, 2308.4 MB
[runlim] end:			Thu Oct 13 04:04:44 2022
[runlim] status:		ok
[runlim] result:		0
[runlim] children:		297
[runlim] real:			22.13 seconds
[runlim] time:			30.97 seconds
[runlim] space:			2455.2 MB
[runlim] samples:		211
