[runlim] version:		1.10fixed
[runlim] time limit:		1200 seconds
[runlim] real time limit:	311040000 seconds
[runlim] space limit:		8000 MB
[runlim] argv[0]:		./run_experiment.sh
[runlim] argv[1]:		big-pgd-sim.onnx
[runlim] argv[2]:		244
[runlim] argv[3]:		0.032
[runlim] argv[4]:		lse1
[runlim] start:			Thu Oct 13 02:57:54 2022
[runlim] main pid:		12788
2022-10-13 02:57:55.724542: E tensorflow/stream_executor/cuda/cuda_blas.cc:2981] Unable to register cuBLAS factory: Attempting to register factory for plugin cuBLAS when one has already been registered
WARNING:tensorflow:From /barrett/scratch/haozewu/softmax/bounding-softmax/py37/lib/python3.7/site-packages/tensorflow/python/compat/v2_compat.py:107: disable_resource_variables (from tensorflow.python.ops.variable_scope) is deprecated and will be removed in a future version.
Instructions for updating:
non-resource variables are not supported in the long term
[runlim] sample:		11.9 time, 10.4 real, 431.7 MB
[runlim] sample:		29.8 time, 20.4 real, 501.7 MB
[runlim] end:			Thu Oct 13 02:58:15 2022
[runlim] status:		ok
[runlim] result:		0
[runlim] children:		291
[runlim] real:			21.29 seconds
[runlim] time:			29.80 seconds
[runlim] space:			2456.0 MB
[runlim] samples:		208
