[runlim] version:		1.10fixed
[runlim] time limit:		1200 seconds
[runlim] real time limit:	311040000 seconds
[runlim] space limit:		8000 MB
[runlim] argv[0]:		./run_experiment.sh
[runlim] argv[1]:		big-pgd-sim.onnx
[runlim] argv[2]:		42
[runlim] argv[3]:		0.02
[runlim] argv[4]:		lse1
[runlim] start:			Thu Oct 13 02:52:35 2022
[runlim] main pid:		32042
2022-10-13 02:52:37.490332: E tensorflow/stream_executor/cuda/cuda_blas.cc:2981] Unable to register cuBLAS factory: Attempting to register factory for plugin cuBLAS when one has already been registered
WARNING:tensorflow:From /barrett/scratch/haozewu/softmax/bounding-softmax/py37/lib/python3.7/site-packages/tensorflow/python/compat/v2_compat.py:107: disable_resource_variables (from tensorflow.python.ops.variable_scope) is deprecated and will be removed in a future version.
Instructions for updating:
non-resource variables are not supported in the long term
[runlim] sample:		11.9 time, 11.0 real, 443.0 MB
[runlim] sample:		0.0 time, 21.0 real, 3.1 MB
[runlim] end:			Thu Oct 13 02:52:58 2022
[runlim] status:		ok
[runlim] result:		0
[runlim] children:		131
[runlim] real:			23.33 seconds
[runlim] time:			15.26 seconds
[runlim] space:			483.5 MB
[runlim] samples:		223
