[runlim] version:		1.10fixed
[runlim] time limit:		1200 seconds
[runlim] real time limit:	311040000 seconds
[runlim] space limit:		8000 MB
[runlim] argv[0]:		./run_experiment.sh
[runlim] argv[1]:		med-pgd-sim.onnx
[runlim] argv[2]:		486
[runlim] argv[3]:		0.02
[runlim] argv[4]:		lse1
[runlim] start:			Thu Oct 13 03:58:27 2022
[runlim] main pid:		27840
2022-10-13 03:58:28.344490: E tensorflow/stream_executor/cuda/cuda_blas.cc:2981] Unable to register cuBLAS factory: Attempting to register factory for plugin cuBLAS when one has already been registered
WARNING:tensorflow:From /barrett/scratch/haozewu/softmax/bounding-softmax/py37/lib/python3.7/site-packages/tensorflow/python/compat/v2_compat.py:107: disable_resource_variables (from tensorflow.python.ops.variable_scope) is deprecated and will be removed in a future version.
Instructions for updating:
non-resource variables are not supported in the long term
[runlim] sample:		14.2 time, 10.2 real, 577.0 MB
[runlim] end:			Thu Oct 13 03:58:39 2022
[runlim] status:		ok
[runlim] result:		0
[runlim] children:		162
[runlim] real:			12.77 seconds
[runlim] time:			19.64 seconds
[runlim] space:			959.6 MB
[runlim] samples:		126
