[runlim] version:		1.10fixed
[runlim] time limit:		1200 seconds
[runlim] real time limit:	311040000 seconds
[runlim] space limit:		8000 MB
[runlim] argv[0]:		./run_experiment.sh
[runlim] argv[1]:		med-pgd-sim.onnx
[runlim] argv[2]:		355
[runlim] argv[3]:		0.016
[runlim] argv[4]:		linear
[runlim] start:			Thu Oct 13 03:56:52 2022
[runlim] main pid:		31036
2022-10-13 03:56:53.809989: E tensorflow/stream_executor/cuda/cuda_blas.cc:2981] Unable to register cuBLAS factory: Attempting to register factory for plugin cuBLAS when one has already been registered
WARNING:tensorflow:From /barrett/scratch/haozewu/softmax/bounding-softmax/py37/lib/python3.7/site-packages/tensorflow/python/compat/v2_compat.py:107: disable_resource_variables (from tensorflow.python.ops.variable_scope) is deprecated and will be removed in a future version.
Instructions for updating:
non-resource variables are not supported in the long term
[runlim] sample:		14.2 time, 10.7 real, 402.5 MB
[runlim] end:			Thu Oct 13 03:57:05 2022
[runlim] status:		ok
[runlim] result:		0
[runlim] children:		159
[runlim] real:			13.85 seconds
[runlim] time:			20.82 seconds
[runlim] space:			932.0 MB
[runlim] samples:		131
