[runlim] version:		1.10fixed
[runlim] time limit:		1200 seconds
[runlim] real time limit:	311040000 seconds
[runlim] space limit:		8000 MB
[runlim] argv[0]:		./run_experiment.sh
[runlim] argv[1]:		big-pgd-sim.onnx
[runlim] argv[2]:		383
[runlim] argv[3]:		0.016
[runlim] argv[4]:		linear
[runlim] start:			Thu Oct 13 04:05:58 2022
[runlim] main pid:		23377
2022-10-13 04:05:59.939881: E tensorflow/stream_executor/cuda/cuda_blas.cc:2981] Unable to register cuBLAS factory: Attempting to register factory for plugin cuBLAS when one has already been registered
WARNING:tensorflow:From /barrett/scratch/haozewu/softmax/bounding-softmax/py37/lib/python3.7/site-packages/tensorflow/python/compat/v2_compat.py:107: disable_resource_variables (from tensorflow.python.ops.variable_scope) is deprecated and will be removed in a future version.
Instructions for updating:
non-resource variables are not supported in the long term
[runlim] sample:		12.1 time, 10.8 real, 467.8 MB
[runlim] sample:		28.0 time, 20.8 real, 2133.6 MB
[runlim] end:			Thu Oct 13 04:06:20 2022
[runlim] status:		ok
[runlim] result:		0
[runlim] children:		306
[runlim] real:			22.46 seconds
[runlim] time:			28.74 seconds
[runlim] space:			2449.2 MB
[runlim] samples:		216
