[runlim] version:		1.10fixed
[runlim] time limit:		1200 seconds
[runlim] real time limit:	311040000 seconds
[runlim] space limit:		8000 MB
[runlim] argv[0]:		./run_experiment.sh
[runlim] argv[1]:		small-pgd-sim.onnx
[runlim] argv[2]:		2
[runlim] argv[3]:		0.02
[runlim] argv[4]:		linear
[runlim] start:			Thu Oct 13 02:44:11 2022
[runlim] main pid:		6494
2022-10-13 02:44:16.867838: E tensorflow/stream_executor/cuda/cuda_blas.cc:2981] Unable to register cuBLAS factory: Attempting to register factory for plugin cuBLAS when one has already been registered
[runlim] sample:		5.5 time, 10.3 real, 236.2 MB
WARNING:tensorflow:From /barrett/scratch/haozewu/softmax/bounding-softmax/py37/lib/python3.7/site-packages/tensorflow/python/compat/v2_compat.py:107: disable_resource_variables (from tensorflow.python.ops.variable_scope) is deprecated and will be removed in a future version.
Instructions for updating:
non-resource variables are not supported in the long term
[runlim] sample:		8.3 time, 20.2 real, 354.5 MB
[runlim] end:			Thu Oct 13 02:44:32 2022
[runlim] status:		ok
[runlim] result:		0
[runlim] children:		221
[runlim] real:			21.85 seconds
[runlim] time:			9.98 seconds
[runlim] space:			412.1 MB
[runlim] samples:		216
