[runlim] version:		1.10fixed
[runlim] time limit:		1200 seconds
[runlim] real time limit:	311040000 seconds
[runlim] space limit:		8000 MB
[runlim] argv[0]:		./run_experiment.sh
[runlim] argv[1]:		big-pgd-sim.onnx
[runlim] argv[2]:		168
[runlim] argv[3]:		0.016
[runlim] argv[4]:		linear
[runlim] start:			Thu Oct 13 04:01:44 2022
[runlim] main pid:		25323
2022-10-13 04:01:45.190892: E tensorflow/stream_executor/cuda/cuda_blas.cc:2981] Unable to register cuBLAS factory: Attempting to register factory for plugin cuBLAS when one has already been registered
WARNING:tensorflow:From /barrett/scratch/haozewu/softmax/bounding-softmax/py37/lib/python3.7/site-packages/tensorflow/python/compat/v2_compat.py:107: disable_resource_variables (from tensorflow.python.ops.variable_scope) is deprecated and will be removed in a future version.
Instructions for updating:
non-resource variables are not supported in the long term
[runlim] sample:		13.8 time, 10.1 real, 473.5 MB
[runlim] sample:		30.0 time, 20.1 real, 1442.2 MB
[runlim] end:			Thu Oct 13 04:02:07 2022
[runlim] status:		ok
[runlim] result:		0
[runlim] children:		334
[runlim] real:			23.28 seconds
[runlim] time:			32.33 seconds
[runlim] space:			2449.1 MB
[runlim] samples:		232
