[runlim] version:		1.10fixed
[runlim] time limit:		1200 seconds
[runlim] real time limit:	311040000 seconds
[runlim] space limit:		8000 MB
[runlim] argv[0]:		./run_experiment.sh
[runlim] argv[1]:		big-pgd-sim.onnx
[runlim] argv[2]:		139
[runlim] argv[3]:		0.032
[runlim] argv[4]:		linear
[runlim] start:			Thu Oct 13 02:55:07 2022
[runlim] main pid:		4020
2022-10-13 02:55:09.091058: E tensorflow/stream_executor/cuda/cuda_blas.cc:2981] Unable to register cuBLAS factory: Attempting to register factory for plugin cuBLAS when one has already been registered
WARNING:tensorflow:From /barrett/scratch/haozewu/softmax/bounding-softmax/py37/lib/python3.7/site-packages/tensorflow/python/compat/v2_compat.py:107: disable_resource_variables (from tensorflow.python.ops.variable_scope) is deprecated and will be removed in a future version.
Instructions for updating:
non-resource variables are not supported in the long term
[runlim] sample:		13.2 time, 11.0 real, 431.3 MB
[runlim] sample:		28.8 time, 21.0 real, 1152.1 MB
[runlim] end:			Thu Oct 13 02:55:31 2022
[runlim] status:		ok
[runlim] result:		0
[runlim] children:		327
[runlim] real:			24.21 seconds
[runlim] time:			32.01 seconds
[runlim] space:			2454.3 MB
[runlim] samples:		232
