[runlim] version:		1.10fixed
[runlim] time limit:		1200 seconds
[runlim] real time limit:	311040000 seconds
[runlim] space limit:		8000 MB
[runlim] argv[0]:		./run_experiment.sh
[runlim] argv[1]:		big-pgd-sim.onnx
[runlim] argv[2]:		283
[runlim] argv[3]:		0.02
[runlim] argv[4]:		lse0.6
[runlim] start:			Thu Oct 13 04:03:58 2022
[runlim] main pid:		4354
2022-10-13 04:03:59.363140: E tensorflow/stream_executor/cuda/cuda_blas.cc:2981] Unable to register cuBLAS factory: Attempting to register factory for plugin cuBLAS when one has already been registered
WARNING:tensorflow:From /barrett/scratch/haozewu/softmax/bounding-softmax/py37/lib/python3.7/site-packages/tensorflow/python/compat/v2_compat.py:107: disable_resource_variables (from tensorflow.python.ops.variable_scope) is deprecated and will be removed in a future version.
Instructions for updating:
non-resource variables are not supported in the long term
[runlim] sample:		12.8 time, 10.3 real, 432.0 MB
[runlim] sample:		30.0 time, 20.3 real, 1450.3 MB
[runlim] end:			Thu Oct 13 04:04:21 2022
[runlim] status:		ok
[runlim] result:		0
[runlim] children:		328
[runlim] real:			23.44 seconds
[runlim] time:			32.40 seconds
[runlim] space:			2460.7 MB
[runlim] samples:		231
