[runlim] version:		1.10fixed
[runlim] time limit:		1200 seconds
[runlim] real time limit:	311040000 seconds
[runlim] space limit:		8000 MB
[runlim] argv[0]:		./run_experiment.sh
[runlim] argv[1]:		med-pgd-sim.onnx
[runlim] argv[2]:		211
[runlim] argv[3]:		0.032
[runlim] argv[4]:		lin0
[runlim] start:			Thu Oct 13 02:50:14 2022
[runlim] main pid:		17222
2022-10-13 02:50:15.443988: E tensorflow/stream_executor/cuda/cuda_blas.cc:2981] Unable to register cuBLAS factory: Attempting to register factory for plugin cuBLAS when one has already been registered
WARNING:tensorflow:From /barrett/scratch/haozewu/softmax/bounding-softmax/py37/lib/python3.7/site-packages/tensorflow/python/compat/v2_compat.py:107: disable_resource_variables (from tensorflow.python.ops.variable_scope) is deprecated and will be removed in a future version.
Instructions for updating:
non-resource variables are not supported in the long term
[runlim] sample:		14.5 time, 10.3 real, 535.8 MB
[runlim] end:			Thu Oct 13 02:50:26 2022
[runlim] status:		ok
[runlim] result:		0
[runlim] children:		125
[runlim] real:			12.88 seconds
[runlim] time:			23.80 seconds
[runlim] space:			912.1 MB
[runlim] samples:		126
