[runlim] version:		1.10fixed
[runlim] time limit:		1200 seconds
[runlim] real time limit:	311040000 seconds
[runlim] space limit:		8000 MB
[runlim] argv[0]:		./run_experiment.sh
[runlim] argv[1]:		big-pgd-sim.onnx
[runlim] argv[2]:		19
[runlim] argv[3]:		0.02
[runlim] argv[4]:		lse2
[runlim] start:			Thu Oct 13 02:52:05 2022
[runlim] main pid:		30366
2022-10-13 02:52:07.033037: E tensorflow/stream_executor/cuda/cuda_blas.cc:2981] Unable to register cuBLAS factory: Attempting to register factory for plugin cuBLAS when one has already been registered
WARNING:tensorflow:From /barrett/scratch/haozewu/softmax/bounding-softmax/py37/lib/python3.7/site-packages/tensorflow/python/compat/v2_compat.py:107: disable_resource_variables (from tensorflow.python.ops.variable_scope) is deprecated and will be removed in a future version.
Instructions for updating:
non-resource variables are not supported in the long term
[runlim] sample:		13.2 time, 11.0 real, 443.4 MB
[runlim] sample:		29.6 time, 21.0 real, 2447.7 MB
[runlim] end:			Thu Oct 13 02:52:26 2022
[runlim] status:		ok
[runlim] result:		0
[runlim] children:		295
[runlim] real:			21.82 seconds
[runlim] time:			29.83 seconds
[runlim] space:			2447.7 MB
[runlim] samples:		208
