[runlim] version:		1.10fixed
[runlim] time limit:		1200 seconds
[runlim] real time limit:	311040000 seconds
[runlim] space limit:		8000 MB
[runlim] argv[0]:		./run_experiment.sh
[runlim] argv[1]:		big-pgd-sim.onnx
[runlim] argv[2]:		357
[runlim] argv[3]:		0.02
[runlim] argv[4]:		lse0.6
[runlim] start:			Thu Oct 13 04:05:23 2022
[runlim] main pid:		31572
2022-10-13 04:05:24.223841: E tensorflow/stream_executor/cuda/cuda_blas.cc:2981] Unable to register cuBLAS factory: Attempting to register factory for plugin cuBLAS when one has already been registered
WARNING:tensorflow:From /barrett/scratch/haozewu/softmax/bounding-softmax/py37/lib/python3.7/site-packages/tensorflow/python/compat/v2_compat.py:107: disable_resource_variables (from tensorflow.python.ops.variable_scope) is deprecated and will be removed in a future version.
Instructions for updating:
non-resource variables are not supported in the long term
[runlim] sample:		13.0 time, 10.3 real, 433.4 MB
[runlim] sample:		30.3 time, 20.3 real, 2458.0 MB
[runlim] end:			Thu Oct 13 04:05:44 2022
[runlim] status:		ok
[runlim] result:		0
[runlim] children:		287
[runlim] real:			21.24 seconds
[runlim] time:			30.62 seconds
[runlim] space:			2458.3 MB
[runlim] samples:		209
