[runlim] version:		1.10fixed
[runlim] time limit:		1200 seconds
[runlim] real time limit:	311040000 seconds
[runlim] space limit:		8000 MB
[runlim] argv[0]:		./run_experiment.sh
[runlim] argv[1]:		big-pgd-sim.onnx
[runlim] argv[2]:		257
[runlim] argv[3]:		0.02
[runlim] argv[4]:		lse1
[runlim] start:			Thu Oct 13 02:58:12 2022
[runlim] main pid:		24322
2022-10-13 02:58:13.336008: E tensorflow/stream_executor/cuda/cuda_blas.cc:2981] Unable to register cuBLAS factory: Attempting to register factory for plugin cuBLAS when one has already been registered
WARNING:tensorflow:From /barrett/scratch/haozewu/softmax/bounding-softmax/py37/lib/python3.7/site-packages/tensorflow/python/compat/v2_compat.py:107: disable_resource_variables (from tensorflow.python.ops.variable_scope) is deprecated and will be removed in a future version.
Instructions for updating:
non-resource variables are not supported in the long term
[runlim] sample:		11.9 time, 10.4 real, 418.9 MB
[runlim] sample:		30.2 time, 20.4 real, 1773.8 MB
[runlim] end:			Thu Oct 13 02:58:34 2022
[runlim] status:		ok
[runlim] result:		0
[runlim] children:		288
[runlim] real:			22.04 seconds
[runlim] time:			31.19 seconds
[runlim] space:			2438.4 MB
[runlim] samples:		216
