[runlim] version:		1.10fixed
[runlim] time limit:		1200 seconds
[runlim] real time limit:	311040000 seconds
[runlim] space limit:		8000 MB
[runlim] argv[0]:		./run_experiment.sh
[runlim] argv[1]:		small-pgd-sim.onnx
[runlim] argv[2]:		1
[runlim] argv[3]:		0.024
[runlim] argv[4]:		lse0.6
[runlim] start:			Thu Oct 13 02:44:11 2022
[runlim] main pid:		10078
2022-10-13 02:44:17.643818: E tensorflow/stream_executor/cuda/cuda_blas.cc:2981] Unable to register cuBLAS factory: Attempting to register factory for plugin cuBLAS when one has already been registered
[runlim] sample:		3.6 time, 10.3 real, 214.1 MB
WARNING:tensorflow:From /barrett/scratch/haozewu/softmax/bounding-softmax/py37/lib/python3.7/site-packages/tensorflow/python/compat/v2_compat.py:107: disable_resource_variables (from tensorflow.python.ops.variable_scope) is deprecated and will be removed in a future version.
Instructions for updating:
non-resource variables are not supported in the long term
[runlim] sample:		6.6 time, 20.3 real, 331.4 MB
[runlim] end:			Thu Oct 13 02:44:32 2022
[runlim] status:		ok
[runlim] result:		0
[runlim] children:		216
[runlim] real:			21.97 seconds
[runlim] time:			8.09 seconds
[runlim] space:			405.6 MB
[runlim] samples:		216
