[runlim] version:		1.10fixed
[runlim] time limit:		1200 seconds
[runlim] real time limit:	311040000 seconds
[runlim] space limit:		8000 MB
[runlim] argv[0]:		./run_experiment.sh
[runlim] argv[1]:		big-pgd-sim.onnx
[runlim] argv[2]:		130
[runlim] argv[3]:		0.024
[runlim] argv[4]:		lse2
[runlim] start:			Thu Oct 13 02:54:59 2022
[runlim] main pid:		26616
2022-10-13 02:55:00.530503: E tensorflow/stream_executor/cuda/cuda_blas.cc:2981] Unable to register cuBLAS factory: Attempting to register factory for plugin cuBLAS when one has already been registered
WARNING:tensorflow:From /barrett/scratch/haozewu/softmax/bounding-softmax/py37/lib/python3.7/site-packages/tensorflow/python/compat/v2_compat.py:107: disable_resource_variables (from tensorflow.python.ops.variable_scope) is deprecated and will be removed in a future version.
Instructions for updating:
non-resource variables are not supported in the long term
[runlim] sample:		12.7 time, 10.4 real, 434.5 MB
[runlim] sample:		25.4 time, 20.4 real, 1153.0 MB
[runlim] end:			Thu Oct 13 02:55:24 2022
[runlim] status:		ok
[runlim] result:		0
[runlim] children:		356
[runlim] real:			25.10 seconds
[runlim] time:			32.00 seconds
[runlim] space:			2452.1 MB
[runlim] samples:		247
