[runlim] version:		1.10fixed
[runlim] time limit:		1200 seconds
[runlim] real time limit:	311040000 seconds
[runlim] space limit:		8000 MB
[runlim] argv[0]:		./run_experiment.sh
[runlim] argv[1]:		big-pgd-sim.onnx
[runlim] argv[2]:		65
[runlim] argv[3]:		0.02
[runlim] argv[4]:		er
[runlim] start:			Thu Oct 13 03:59:49 2022
[runlim] main pid:		25076
2022-10-13 03:59:50.852323: E tensorflow/stream_executor/cuda/cuda_blas.cc:2981] Unable to register cuBLAS factory: Attempting to register factory for plugin cuBLAS when one has already been registered
WARNING:tensorflow:From /barrett/scratch/haozewu/softmax/bounding-softmax/py37/lib/python3.7/site-packages/tensorflow/python/compat/v2_compat.py:107: disable_resource_variables (from tensorflow.python.ops.variable_scope) is deprecated and will be removed in a future version.
Instructions for updating:
non-resource variables are not supported in the long term
[runlim] sample:		13.6 time, 10.8 real, 485.1 MB
[runlim] sample:		30.6 time, 20.8 real, 1512.7 MB
[runlim] end:			Thu Oct 13 04:00:12 2022
[runlim] status:		ok
[runlim] result:		0
[runlim] children:		319
[runlim] real:			23.23 seconds
[runlim] time:			32.18 seconds
[runlim] space:			2450.1 MB
[runlim] samples:		224
