[runlim] version:		1.10fixed
[runlim] time limit:		1200 seconds
[runlim] real time limit:	311040000 seconds
[runlim] space limit:		8000 MB
[runlim] argv[0]:		./run_experiment.sh
[runlim] argv[1]:		big-pgd-sim.onnx
[runlim] argv[2]:		3
[runlim] argv[3]:		0.016
[runlim] argv[4]:		lin0
[runlim] start:			Thu Oct 13 02:51:42 2022
[runlim] main pid:		27780
2022-10-13 02:51:44.280755: E tensorflow/stream_executor/cuda/cuda_blas.cc:2981] Unable to register cuBLAS factory: Attempting to register factory for plugin cuBLAS when one has already been registered
WARNING:tensorflow:From /barrett/scratch/haozewu/softmax/bounding-softmax/py37/lib/python3.7/site-packages/tensorflow/python/compat/v2_compat.py:107: disable_resource_variables (from tensorflow.python.ops.variable_scope) is deprecated and will be removed in a future version.
Instructions for updating:
non-resource variables are not supported in the long term
[runlim] sample:		10.9 time, 10.7 real, 428.9 MB
[runlim] sample:		33.4 time, 20.7 real, 962.9 MB
[runlim] end:			Thu Oct 13 02:52:03 2022
[runlim] status:		ok
[runlim] result:		0
[runlim] children:		207
[runlim] real:			21.38 seconds
[runlim] time:			33.96 seconds
[runlim] space:			2468.0 MB
[runlim] samples:		207
